2021-09-21 11:38:46,782 - INFO - Dear-迪丽热巴 信息写入csv文件完毕，保存路径:
2021-09-21 11:38:46,782 - INFO - /Users/seedjeff/Desktop/weibo-crawler-master/weibo/users.csv
2021-09-21 11:38:46,782 - INFO - ++++++++++++++++++++++++++++++++++++++++++++++++++++++++++++++++++++++++++++++++++++++++++++++++++++
2021-09-21 11:38:46,782 - INFO - 用户信息
2021-09-21 11:38:46,782 - INFO - 用户id：1669879400
2021-09-21 11:38:46,782 - INFO - 用户昵称：Dear-迪丽热巴
2021-09-21 11:38:46,782 - INFO - 性别：女
2021-09-21 11:38:46,782 - INFO - 生日：
2021-09-21 11:38:46,782 - INFO - 所在地：
2021-09-21 11:38:46,782 - INFO - 教育经历：
2021-09-21 11:38:46,782 - INFO - 公司：
2021-09-21 11:38:46,782 - INFO - 阳光信用：
2021-09-21 11:38:46,783 - INFO - 注册时间：
2021-09-21 11:38:46,783 - INFO - 微博数：1351
2021-09-21 11:38:46,783 - INFO - 粉丝数：76529650
2021-09-21 11:38:46,783 - INFO - 关注数：264
2021-09-21 11:38:46,783 - INFO - url：https://m.weibo.cn/profile/1669879400
2021-09-21 11:38:46,783 - INFO - 嘉行传媒签约演员　
2021-09-21 11:38:46,783 - INFO - 一只喜欢默默表演的小透明。工作联系jaywalk@jaywalk.com.cn 🍒
2021-09-21 11:38:46,783 - INFO - ++++++++++++++++++++++++++++++++++++++++++++++++++++++++++++++++++++++++++++++++++++++++++++++++++++
2021-09-21 11:38:47,884 - INFO - 正在过滤转发微博
2021-09-21 11:38:47,885 - INFO - 微博id：4682428611822947
2021-09-21 11:38:47,885 - INFO - 微博正文：牛肉菠菜馅儿🥟+自制黄油小饼干儿🍪 绿洲 
2021-09-21 11:38:47,885 - INFO - 原始图片url：https://wx3.sinaimg.cn/large/001P0DUIly3gujmlxy5klj60u0140k1702.jpg,https://wx3.sinaimg.cn/large/001P0DUIly3gujmly67zsj60u0140jx002.jpg,https://wx2.sinaimg.cn/large/001P0DUIly3gujmly2o77j60u0140do502.jpg
2021-09-21 11:38:47,885 - INFO - 微博位置：
2021-09-21 11:38:47,886 - INFO - 发布时间：2021-09-17
2021-09-21 11:38:47,886 - INFO - 发布工具：绿洲APP
2021-09-21 11:38:47,886 - INFO - 点赞数：2735260
2021-09-21 11:38:47,886 - INFO - 评论数：1000000
2021-09-21 11:38:47,886 - INFO - 转发数：1000000
2021-09-21 11:38:47,886 - INFO - 话题：
2021-09-21 11:38:47,886 - INFO - @用户：
2021-09-21 11:38:47,886 - INFO - url：https://m.weibo.cn/detail/4682428611822947
2021-09-21 11:38:47,886 - INFO - ------------------------------------------------------------------------------------------------------------------------
2021-09-21 11:38:47,887 - INFO - 微博id：4681634190723995
2021-09-21 11:38:47,887 - INFO - 微博正文：想不同，也敢于去活出不同，用色彩渲染自我态度，用实力诠释多面焦点，无惧他人目光，勇于突破想象，实力敢于不同！每一个你都是独家限定，9月23日与@colorkey珂拉琪 一起拥抱未知惊喜，发出自己的声浪！ #不是谁都敢不同#colorkey珂拉琪的微博视频 
2021-09-21 11:38:47,888 - INFO - 原始图片url：
2021-09-21 11:38:47,888 - INFO - 微博位置：
2021-09-21 11:38:47,888 - INFO - 发布时间：2021-09-15
2021-09-21 11:38:47,888 - INFO - 发布工具：微博视频号
2021-09-21 11:38:47,888 - INFO - 点赞数：2533779
2021-09-21 11:38:47,888 - INFO - 评论数：1000000
2021-09-21 11:38:47,888 - INFO - 转发数：1000000
2021-09-21 11:38:47,888 - INFO - 话题：不是谁都敢不同
2021-09-21 11:38:47,888 - INFO - @用户：colorkey珂拉琪
2021-09-21 11:38:47,888 - INFO - url：https://m.weibo.cn/detail/4681634190723995
2021-09-21 11:38:47,889 - INFO - ------------------------------------------------------------------------------------------------------------------------
2021-09-21 11:38:47,889 - INFO - 微博id：4680921581619904
2021-09-21 11:38:47,890 - INFO - 微博正文：喝下手中这杯“蓝天”☁️💙 绿洲 
2021-09-21 11:38:47,890 - INFO - 原始图片url：https://wx4.sinaimg.cn/large/001P0DUIly3guetiytybfj616o1kw4mv02.jpg,https://wx1.sinaimg.cn/large/001P0DUIly3guetizgy8zj616o1kw4qp02.jpg,https://wx1.sinaimg.cn/large/001P0DUIly3guetj1goobj616o1kw1kx02.jpg,https://wx2.sinaimg.cn/large/001P0DUIly3guetj1axkgj616o1kw1kx02.jpg,https://wx1.sinaimg.cn/large/001P0DUIly3guetj0f2grj616o1kwtz102.jpg,https://wx4.sinaimg.cn/large/001P0DUIly3guetj19i33j616o1kwkcx02.jpg,https://wx2.sinaimg.cn/large/001P0DUIly3guetj1roacj616o1kwasp02.jpg,https://wx1.sinaimg.cn/large/001P0DUIly3guetj2ikilj616o1kwqr302.jpg,https://wx4.sinaimg.cn/large/001P0DUIly3guetj2gs9xj616o1kwx0e02.jpg
2021-09-21 11:38:47,890 - INFO - 微博位置：
2021-09-21 11:38:47,890 - INFO - 发布时间：2021-09-13
2021-09-21 11:38:47,890 - INFO - 发布工具：绿洲APP
2021-09-21 11:38:47,890 - INFO - 点赞数：3730147
2021-09-21 11:38:47,890 - INFO - 评论数：1000000
2021-09-21 11:38:47,890 - INFO - 转发数：1000000
2021-09-21 11:38:47,890 - INFO - 话题：
2021-09-21 11:38:47,890 - INFO - @用户：
2021-09-21 11:38:47,890 - INFO - url：https://m.weibo.cn/detail/4680921581619904
2021-09-21 11:38:47,890 - INFO - ------------------------------------------------------------------------------------------------------------------------
2021-09-21 11:38:47,891 - INFO - 微博id：4680392583417231
2021-09-21 11:38:47,891 - INFO - 微博正文：又是一年美女生日祝大美女@杨幂 生日快乐啦么么么么啾啾啾啾～ 
2021-09-21 11:38:47,891 - INFO - 原始图片url：https://wx1.sinaimg.cn/large/001P0DUIly1gud4q3kp6kj61jk2bbnkz02.jpg,https://wx2.sinaimg.cn/large/001P0DUIly1gud4q2wvw6j647s5j8x6t02.jpg
2021-09-21 11:38:47,891 - INFO - 微博位置：
2021-09-21 11:38:47,891 - INFO - 发布时间：2021-09-12
2021-09-21 11:38:47,892 - INFO - 发布工具：
2021-09-21 11:38:47,892 - INFO - 点赞数：1198244
2021-09-21 11:38:47,892 - INFO - 评论数：39659
2021-09-21 11:38:47,892 - INFO - 转发数：12658
2021-09-21 11:38:47,892 - INFO - 话题：
2021-09-21 11:38:47,892 - INFO - @用户：杨幂
2021-09-21 11:38:47,892 - INFO - url：https://m.weibo.cn/detail/4680392583417231
2021-09-21 11:38:47,892 - INFO - ------------------------------------------------------------------------------------------------------------------------
2021-09-21 11:38:47,893 - INFO - 微博id：4679850792586570
2021-09-21 11:38:47,893 - INFO - 微博正文：#路易200#路易·威登先生出生200周年，卓越旅程中的创新从未止步。跟随我一同进入@路易威登 的视觉之旅。 Dear-迪丽热巴的微博视频 
2021-09-21 11:38:47,893 - INFO - 原始图片url：
2021-09-21 11:38:47,893 - INFO - 微博位置：
2021-09-21 11:38:47,893 - INFO - 发布时间：2021-09-10
2021-09-21 11:38:47,893 - INFO - 发布工具：微博视频号
2021-09-21 11:38:47,893 - INFO - 点赞数：2038881
2021-09-21 11:38:47,893 - INFO - 评论数：1000000
2021-09-21 11:38:47,894 - INFO - 转发数：1000000
2021-09-21 11:38:47,894 - INFO - 话题：路易200
2021-09-21 11:38:47,894 - INFO - @用户：路易威登
2021-09-21 11:38:47,894 - INFO - url：https://m.weibo.cn/detail/4679850792586570
2021-09-21 11:38:47,894 - INFO - ------------------------------------------------------------------------------------------------------------------------
2021-09-21 11:38:47,895 - INFO - 微博id：4679094132017934
2021-09-21 11:38:47,895 - INFO - 微博正文：很高兴成为@猫人Miiow 猫人保暖衣代言人。全新猫人亲肤科技，带来羊绒级触感，让柔软与温暖，和肌肤亲密接触，怕冷就穿「猫人热八度」。#热巴代言猫人保暖衣# Dear-迪丽热巴的微博视频 
2021-09-21 11:38:47,895 - INFO - 原始图片url：
2021-09-21 11:38:47,895 - INFO - 微博位置：
2021-09-21 11:38:47,895 - INFO - 发布时间：2021-09-08
2021-09-21 11:38:47,895 - INFO - 发布工具：微博视频号
2021-09-21 11:38:47,895 - INFO - 点赞数：2101255
2021-09-21 11:38:47,895 - INFO - 评论数：1000000
2021-09-21 11:38:47,895 - INFO - 转发数：1000000
2021-09-21 11:38:47,895 - INFO - 话题：热巴代言猫人保暖衣
2021-09-21 11:38:47,895 - INFO - @用户：猫人Miiow
2021-09-21 11:38:47,895 - INFO - url：https://m.weibo.cn/detail/4679094132017934
2021-09-21 11:38:47,895 - INFO - ------------------------------------------------------------------------------------------------------------------------
2021-09-21 11:38:47,896 - INFO - 正在过滤转发微博
2021-09-21 11:38:47,897 - INFO - 正在过滤转发微博
2021-09-21 11:38:47,898 - INFO - 微博id：4676564891730990
2021-09-21 11:38:47,898 - INFO - 微博正文：抓住夏天的尾巴 绿洲 
2021-09-21 11:38:47,898 - INFO - 原始图片url：https://wx1.sinaimg.cn/large/001P0DUIly3gu0x643rqtj616o1kwqv502.jpg,https://wx3.sinaimg.cn/large/001P0DUIly3gu0x64537aj616n1kwqv502.jpg,https://wx3.sinaimg.cn/large/001P0DUIly3gu0x6444nkj616n1kwqv502.jpg,https://wx1.sinaimg.cn/large/001P0DUIly3gu0x658dozj616o1kw1ky02.jpg
2021-09-21 11:38:47,898 - INFO - 微博位置：
2021-09-21 11:38:47,898 - INFO - 发布时间：2021-09-01
2021-09-21 11:38:47,898 - INFO - 发布工具：绿洲APP
2021-09-21 11:38:47,898 - INFO - 点赞数：3849813
2021-09-21 11:38:47,898 - INFO - 评论数：1000000
2021-09-21 11:38:47,898 - INFO - 转发数：1000000
2021-09-21 11:38:47,899 - INFO - 话题：
2021-09-21 11:38:47,899 - INFO - @用户：
2021-09-21 11:38:47,899 - INFO - url：https://m.weibo.cn/detail/4676564891730990
2021-09-21 11:38:47,899 - INFO - ------------------------------------------------------------------------------------------------------------------------
2021-09-21 11:38:47,899 - INFO - ------------------------------已获取Dear-迪丽热巴(1669879400)的第1页微博------------------------------
2021-09-21 11:38:57,626 - INFO - 正在过滤转发微博
2021-09-21 11:38:57,627 - INFO - 微博id：4674755162281835
2021-09-21 11:38:57,627 - INFO - 微博正文：这身西装夹克很酷，加点棕褐“特调”提升时髦度~点睛灵感来自 @路易威登 Dauphine 手袋 
2021-09-21 11:38:57,627 - INFO - 原始图片url：https://wx4.sinaimg.cn/large/001P0DUIly1gtv57km4l6j644f66j1l402.jpg,https://wx2.sinaimg.cn/large/001P0DUIly1gtv57btlidj644f66ju1302.jpg,https://wx4.sinaimg.cn/large/001P0DUIly1gtv57rggouj647s6bkx6u02.jpg
2021-09-21 11:38:57,627 - INFO - 微博位置：
2021-09-21 11:38:57,627 - INFO - 发布时间：2021-08-27
2021-09-21 11:38:57,627 - INFO - 发布工具：
2021-09-21 11:38:57,627 - INFO - 点赞数：2907551
2021-09-21 11:38:57,628 - INFO - 评论数：1000000
2021-09-21 11:38:57,628 - INFO - 转发数：1000000
2021-09-21 11:38:57,628 - INFO - 话题：
2021-09-21 11:38:57,628 - INFO - @用户：路易威登
2021-09-21 11:38:57,628 - INFO - url：https://m.weibo.cn/detail/4674755162281835
2021-09-21 11:38:57,628 - INFO - ------------------------------------------------------------------------------------------------------------------------
2021-09-21 11:38:59,148 - INFO - 正在过滤转发微博
2021-09-21 11:38:59,149 - INFO - 微博id：4674010535690802
2021-09-21 11:38:59,149 - INFO - 微博正文：很荣幸成为@沛纳海Panerai 全球品牌代言人，与沛纳海一起无畏挑战，保持初心，#砥砺前行#。#沛纳海全球品牌代言人迪丽热巴#沛纳海PANERAI的微博视频 
2021-09-21 11:38:59,150 - INFO - 原始图片url：
2021-09-21 11:38:59,150 - INFO - 微博位置：
2021-09-21 11:38:59,150 - INFO - 发布时间：2021-08-25
2021-09-21 11:38:59,150 - INFO - 发布工具：微博视频号
2021-09-21 11:38:59,150 - INFO - 点赞数：2686559
2021-09-21 11:38:59,150 - INFO - 评论数：1000000
2021-09-21 11:38:59,150 - INFO - 转发数：1000000
2021-09-21 11:38:59,150 - INFO - 话题：砥砺前行,沛纳海全球品牌代言人迪丽热巴
2021-09-21 11:38:59,150 - INFO - @用户：沛纳海Panerai
2021-09-21 11:38:59,150 - INFO - url：https://m.weibo.cn/detail/4674010535690802
2021-09-21 11:38:59,150 - INFO - ------------------------------------------------------------------------------------------------------------------------
2021-09-21 11:39:00,687 - INFO - 微博id：4673469763816437
2021-09-21 11:39:00,688 - INFO - 微博正文：今晚荣耀大结局了，非常开心能和大家一起度过这个追剧的夏天，晶晶也在平行世界中拥有了美好的结局。从中学的青涩暗恋，到携手步入婚姻殿堂，晶晶和于途完成了一场属于彼此的双向奔赴，美好且热烈的旅程。我们一起陪伴乔晶晶共情着她的美好追寻，一起喜欢着她的可爱调皮、一起欣赏着她的勇敢直率。在最后一集，晶晶作为航天人家属，观看了“搜神号”的发射，跟我们一起见证了航天人实现梦想和祖国航天事业蓬勃发展的盛况。这也让我们看到了祖国航天事业背后有着一群非常可爱、可敬的人。除了乔晶晶，之前我也演过高雯和郝美丽，她们职业虽相同，都是女明星，但个性全然不同。她们都不约而同地见证着我的成长，在我的不同时期、不同阶段都留有印记，同时也赋予了我源源不断的能量。在触碰和感知每一个角色的同时，我或多或少也都从角色中汲取了些什么，热爱、清醒、努力……这些词也都在潜移默化地影响着我，使我成为更好的自己。最后，希望大家都能像乔晶晶一样，在自己的世界中闪闪发光～再见，乔晶晶✨
2021-09-21 11:39:00,688 - INFO - 原始图片url：https://wx2.sinaimg.cn/large/001P0DUIly1gtr1osm6ihj612m1i2h5k02.jpg,https://wx4.sinaimg.cn/large/001P0DUIly1gtr1ot1eoaj61hc1hsts102.jpg,https://wx2.sinaimg.cn/large/001P0DUIly1gtr1oteac0j60rs0iijxn02.jpg
2021-09-21 11:39:00,688 - INFO - 微博位置：
2021-09-21 11:39:00,688 - INFO - 发布时间：2021-08-23
2021-09-21 11:39:00,688 - INFO - 发布工具：
2021-09-21 11:39:00,688 - INFO - 点赞数：3986386
2021-09-21 11:39:00,688 - INFO - 评论数：1000000
2021-09-21 11:39:00,688 - INFO - 转发数：1000000
2021-09-21 11:39:00,688 - INFO - 话题：
2021-09-21 11:39:00,688 - INFO - @用户：
2021-09-21 11:39:00,689 - INFO - url：https://m.weibo.cn/detail/4673469763816437
2021-09-21 11:39:00,689 - INFO - ------------------------------------------------------------------------------------------------------------------------
2021-09-21 11:39:00,689 - INFO - 微博id：4671524113747527
2021-09-21 11:39:00,689 - INFO - 微博正文：plog说到做到 
2021-09-21 11:39:00,689 - INFO - 原始图片url：https://wx2.sinaimg.cn/large/001P0DUIly1gtku8n9q3uj60e03404kt02.jpg,https://wx1.sinaimg.cn/large/001P0DUIly1gtl881xksvj60n03wckjl02.jpg,https://wx2.sinaimg.cn/large/001P0DUIly1gtku8pi1c2j60n02phe8102.jpg
2021-09-21 11:39:00,689 - INFO - 微博位置：
2021-09-21 11:39:00,690 - INFO - 发布时间：2021-08-18
2021-09-21 11:39:00,690 - INFO - 发布工具：
2021-09-21 11:39:00,690 - INFO - 点赞数：3950870
2021-09-21 11:39:00,690 - INFO - 评论数：1000000
2021-09-21 11:39:00,690 - INFO - 转发数：1000000
2021-09-21 11:39:00,690 - INFO - 话题：
2021-09-21 11:39:00,690 - INFO - @用户：
2021-09-21 11:39:00,690 - INFO - url：https://m.weibo.cn/detail/4671524113747527
2021-09-21 11:39:00,690 - INFO - ------------------------------------------------------------------------------------------------------------------------
2021-09-21 11:39:00,691 - INFO - 微博id：4670928451016705
2021-09-21 11:39:00,691 - INFO - 微博正文：#电视剧你是我的荣耀# 祝晶晶@乔晶晶 新婚快乐，永远幸福 Dear-迪丽热巴的微博视频 
2021-09-21 11:39:00,691 - INFO - 原始图片url：
2021-09-21 11:39:00,691 - INFO - 微博位置：
2021-09-21 11:39:00,691 - INFO - 发布时间：2021-08-16
2021-09-21 11:39:00,691 - INFO - 发布工具：微博视频号
2021-09-21 11:39:00,692 - INFO - 点赞数：3500246
2021-09-21 11:39:00,692 - INFO - 评论数：1000000
2021-09-21 11:39:00,692 - INFO - 转发数：1000000
2021-09-21 11:39:00,692 - INFO - 话题：电视剧你是我的荣耀
2021-09-21 11:39:00,692 - INFO - @用户：乔晶晶
2021-09-21 11:39:00,692 - INFO - url：https://m.weibo.cn/detail/4670928451016705
2021-09-21 11:39:00,692 - INFO - ------------------------------------------------------------------------------------------------------------------------
2021-09-21 11:39:00,693 - INFO - 正在过滤转发微博
2021-09-21 11:39:00,694 - INFO - 微博id：4669818555336068
2021-09-21 11:39:00,694 - INFO - 微博正文：#见面吧星朋友# #心动来电#大美女来啦！！ Dear-迪丽热巴的微博视频 
2021-09-21 11:39:00,694 - INFO - 原始图片url：
2021-09-21 11:39:00,694 - INFO - 微博位置：
2021-09-21 11:39:00,694 - INFO - 发布时间：2021-08-13
2021-09-21 11:39:00,694 - INFO - 发布工具：微博直播平台
2021-09-21 11:39:00,694 - INFO - 点赞数：3773737
2021-09-21 11:39:00,694 - INFO - 评论数：1000000
2021-09-21 11:39:00,694 - INFO - 转发数：1000000
2021-09-21 11:39:00,695 - INFO - 话题：见面吧星朋友,心动来电
2021-09-21 11:39:00,695 - INFO - @用户：
2021-09-21 11:39:00,695 - INFO - url：https://m.weibo.cn/detail/4669818555336068
2021-09-21 11:39:00,695 - INFO - ------------------------------------------------------------------------------------------------------------------------
2021-09-21 11:39:00,695 - INFO - 微博id：4669294607077399
2021-09-21 11:39:00,695 - INFO - 微博正文：不负炙热，肆意发光随时代迭代，就是我们青年一代很高兴成为特步品牌代言人@特步体育一起创造X新青年的无限可能#迪丽热巴代言特步# 
2021-09-21 11:39:00,696 - INFO - 原始图片url：https://wx4.sinaimg.cn/large/001P0DUIly1gtdq6ul7uvj62w6557npi02.jpg,https://wx3.sinaimg.cn/large/001P0DUIly1gtdq6qy8i8j62w65577wn02.jpg
2021-09-21 11:39:00,696 - INFO - 微博位置：
2021-09-21 11:39:00,696 - INFO - 发布时间：2021-08-12
2021-09-21 11:39:00,696 - INFO - 发布工具：
2021-09-21 11:39:00,696 - INFO - 点赞数：2288228
2021-09-21 11:39:00,696 - INFO - 评论数：1000000
2021-09-21 11:39:00,696 - INFO - 转发数：1000000
2021-09-21 11:39:00,696 - INFO - 话题：迪丽热巴代言特步
2021-09-21 11:39:00,696 - INFO - @用户：特步体育
2021-09-21 11:39:00,696 - INFO - url：https://m.weibo.cn/detail/4669294607077399
2021-09-21 11:39:00,696 - INFO - ------------------------------------------------------------------------------------------------------------------------
2021-09-21 11:39:00,696 - INFO - ------------------------------已获取Dear-迪丽热巴(1669879400)的第2页微博------------------------------
2021-09-21 11:39:02,596 - INFO - 微博id：4669099152514238
2021-09-21 11:39:02,612 - INFO - 微博正文：乔晶晶真是撒娇“晶”本“晶”@乔晶晶 
2021-09-21 11:39:02,615 - INFO - 原始图片url：https://wx4.sinaimg.cn/large/001P0DUIly1gtd3qf0myfj60zk28ex1y02.jpg,https://wx3.sinaimg.cn/large/001P0DUIly1gtd3qedr7sj60u01cqgyi02.jpg,https://wx2.sinaimg.cn/large/001P0DUIly1gtd3qfhcodj60u01z4nhl02.jpg,https://wx1.sinaimg.cn/large/001P0DUIly1gtd3qg3zicj60u029ctwq02.jpg
2021-09-21 11:39:02,615 - INFO - 微博位置：
2021-09-21 11:39:02,615 - INFO - 发布时间：2021-08-11
2021-09-21 11:39:02,616 - INFO - 发布工具：
2021-09-21 11:39:02,616 - INFO - 点赞数：2217317
2021-09-21 11:39:02,616 - INFO - 评论数：1000000
2021-09-21 11:39:02,616 - INFO - 转发数：1000000
2021-09-21 11:39:02,616 - INFO - 话题：
2021-09-21 11:39:02,616 - INFO - @用户：乔晶晶
2021-09-21 11:39:02,616 - INFO - url：https://m.weibo.cn/detail/4669099152514238
2021-09-21 11:39:02,616 - INFO - ------------------------------------------------------------------------------------------------------------------------
2021-09-21 11:39:02,617 - INFO - 微博id：4669090704659534
2021-09-21 11:39:02,617 - INFO - 微博正文：于老师，一起比个耶吧！@杨洋 
2021-09-21 11:39:02,617 - INFO - 原始图片url：https://wx3.sinaimg.cn/large/001P0DUIly1gtd2qrdd0ej608o08o0t202.jpg
2021-09-21 11:39:02,617 - INFO - 微博位置：
2021-09-21 11:39:02,618 - INFO - 发布时间：2021-08-11
2021-09-21 11:39:02,618 - INFO - 发布工具：
2021-09-21 11:39:02,618 - INFO - 点赞数：1484938
2021-09-21 11:39:02,618 - INFO - 评论数：55793
2021-09-21 11:39:02,618 - INFO - 转发数：142785
2021-09-21 11:39:02,618 - INFO - 话题：
2021-09-21 11:39:02,618 - INFO - @用户：杨洋
2021-09-21 11:39:02,618 - INFO - url：https://m.weibo.cn/detail/4669090704659534
2021-09-21 11:39:02,618 - INFO - ------------------------------------------------------------------------------------------------------------------------
2021-09-21 11:39:02,619 - INFO - 微博id：4668742729204771
2021-09-21 11:39:02,619 - INFO - 微博正文：#idoltube# 想rua@乔晶晶 的脸～～～ Dear-迪丽热巴的微博视频 
2021-09-21 11:39:02,619 - INFO - 原始图片url：
2021-09-21 11:39:02,620 - INFO - 微博位置：
2021-09-21 11:39:02,620 - INFO - 发布时间：2021-08-10
2021-09-21 11:39:02,620 - INFO - 发布工具：微博视频号
2021-09-21 11:39:02,620 - INFO - 点赞数：2682430
2021-09-21 11:39:02,620 - INFO - 评论数：1000000
2021-09-21 11:39:02,620 - INFO - 转发数：1000000
2021-09-21 11:39:02,620 - INFO - 话题：idoltube
2021-09-21 11:39:02,620 - INFO - @用户：乔晶晶
2021-09-21 11:39:02,620 - INFO - url：https://m.weibo.cn/detail/4668742729204771
2021-09-21 11:39:02,620 - INFO - ------------------------------------------------------------------------------------------------------------------------
2021-09-21 11:39:02,621 - INFO - 微博id：4668373671614231
2021-09-21 11:39:02,621 - INFO - 微博正文：#idoltube##乔晶晶有点愿意但又不开心#你和你～最后的倔强～@乔晶晶 Dear-迪丽热巴的微博视频 
2021-09-21 11:39:02,622 - INFO - 原始图片url：
2021-09-21 11:39:02,622 - INFO - 微博位置：
2021-09-21 11:39:02,622 - INFO - 发布时间：2021-08-09
2021-09-21 11:39:02,622 - INFO - 发布工具：微博视频号
2021-09-21 11:39:02,622 - INFO - 点赞数：2443258
2021-09-21 11:39:02,622 - INFO - 评论数：1000000
2021-09-21 11:39:02,622 - INFO - 转发数：1000000
2021-09-21 11:39:02,622 - INFO - 话题：idoltube,乔晶晶有点愿意但又不开心
2021-09-21 11:39:02,622 - INFO - @用户：乔晶晶
2021-09-21 11:39:02,622 - INFO - url：https://m.weibo.cn/detail/4668373671614231
2021-09-21 11:39:02,622 - INFO - ------------------------------------------------------------------------------------------------------------------------
2021-09-21 11:39:02,624 - INFO - 正在过滤转发微博
2021-09-21 11:39:02,625 - INFO - 微博id：4668222462497643
2021-09-21 11:39:02,626 - INFO - 微博正文：一扇任意门，一串爱心气球，一瞬巴黎时光～ 这个夏天和我一起拍摄#1664法式大片#，留下美好瞬间，每个POSE都自带优雅。点击大图GET我的同款拍照边框，打开果香馥郁的桃红啤酒，私藏@凯旋1664 带来的法式浪漫时光吧！ 
2021-09-21 11:39:02,626 - INFO - 原始图片url：https://wx3.sinaimg.cn/large/001P0DUIly1gtab1wr66ij60tz13yndc02.jpg
2021-09-21 11:39:02,626 - INFO - 微博位置：
2021-09-21 11:39:02,626 - INFO - 发布时间：2021-08-09
2021-09-21 11:39:02,626 - INFO - 发布工具：
2021-09-21 11:39:02,626 - INFO - 点赞数：2072491
2021-09-21 11:39:02,626 - INFO - 评论数：1000000
2021-09-21 11:39:02,626 - INFO - 转发数：1000000
2021-09-21 11:39:02,626 - INFO - 话题：1664法式大片
2021-09-21 11:39:02,626 - INFO - @用户：凯旋1664
2021-09-21 11:39:02,626 - INFO - url：https://m.weibo.cn/detail/4668222462497643
2021-09-21 11:39:02,627 - INFO - ------------------------------------------------------------------------------------------------------------------------
2021-09-21 11:39:02,627 - INFO - 微博id：4667918095222951
2021-09-21 11:39:02,627 - INFO - 微博正文：漂亮温柔的姐姐生日快乐@佟丽娅 
2021-09-21 11:39:02,628 - INFO - 原始图片url：
2021-09-21 11:39:02,628 - INFO - 微博位置：
2021-09-21 11:39:02,628 - INFO - 发布时间：2021-08-08
2021-09-21 11:39:02,628 - INFO - 发布工具：
2021-09-21 11:39:02,628 - INFO - 点赞数：765860
2021-09-21 11:39:02,628 - INFO - 评论数：31200
2021-09-21 11:39:02,628 - INFO - 转发数：7118
2021-09-21 11:39:02,628 - INFO - 话题：
2021-09-21 11:39:02,628 - INFO - @用户：佟丽娅
2021-09-21 11:39:02,628 - INFO - url：https://m.weibo.cn/detail/4667918095222951
2021-09-21 11:39:02,628 - INFO - ------------------------------------------------------------------------------------------------------------------------
2021-09-21 11:39:02,629 - INFO - 微博id：4667650007367699
2021-09-21 11:39:02,629 - INFO - 微博正文：立秋～带乔晶晶一起参加#快乐大本营# 今晚见～ 
2021-09-21 11:39:02,629 - INFO - 原始图片url：https://wx4.sinaimg.cn/large/001P0DUIly1gt8hahryatj62203g6kjn02.jpg,https://wx3.sinaimg.cn/large/001P0DUIly1gt8ha39n2tj63df56ohdx02.jpg,https://wx1.sinaimg.cn/large/001P0DUIly1gt8hax6aadj63gg56o7wm02.jpg,https://wx3.sinaimg.cn/large/001P0DUIly1gt8hb6481dj62lc3w0b2c02.jpg
2021-09-21 11:39:02,629 - INFO - 微博位置：
2021-09-21 11:39:02,629 - INFO - 发布时间：2021-08-07
2021-09-21 11:39:02,629 - INFO - 发布工具：
2021-09-21 11:39:02,629 - INFO - 点赞数：1434339
2021-09-21 11:39:02,629 - INFO - 评论数：1000000
2021-09-21 11:39:02,630 - INFO - 转发数：1000000
2021-09-21 11:39:02,630 - INFO - 话题：快乐大本营
2021-09-21 11:39:02,630 - INFO - @用户：
2021-09-21 11:39:02,630 - INFO - url：https://m.weibo.cn/detail/4667650007367699
2021-09-21 11:39:02,630 - INFO - ------------------------------------------------------------------------------------------------------------------------
2021-09-21 11:39:02,630 - INFO - 微博id：4667526191514195
2021-09-21 11:39:02,631 - INFO - 微博正文：周末愉快～～～～ 绿洲 
2021-09-21 11:39:02,631 - INFO - 原始图片url：https://wx3.sinaimg.cn/large/001P0DUIly3gt8337lizyj616o1kwnpd02.jpg,https://wx4.sinaimg.cn/large/001P0DUIly3gt8337jo9oj616n1kwe8102.jpg,https://wx4.sinaimg.cn/large/001P0DUIly3gt8337httgj616o1kwhdt02.jpg,https://wx4.sinaimg.cn/large/001P0DUIly3gt83387l7uj616o1kwe8102.jpg,https://wx3.sinaimg.cn/large/001P0DUIly3gt8338e7mtj616o1kwe8102.jpg,https://wx4.sinaimg.cn/large/001P0DUIly3gt833913yxj616o1kwe8102.jpg,https://wx1.sinaimg.cn/large/001P0DUIly3gt83392585j616o1kwhdt02.jpg
2021-09-21 11:39:02,631 - INFO - 微博位置：
2021-09-21 11:39:02,631 - INFO - 发布时间：2021-08-07
2021-09-21 11:39:02,631 - INFO - 发布工具：绿洲APP
2021-09-21 11:39:02,631 - INFO - 点赞数：3435740
2021-09-21 11:39:02,631 - INFO - 评论数：1000000
2021-09-21 11:39:02,631 - INFO - 转发数：1000000
2021-09-21 11:39:02,631 - INFO - 话题：
2021-09-21 11:39:02,632 - INFO - @用户：
2021-09-21 11:39:02,632 - INFO - url：https://m.weibo.cn/detail/4667526191514195
2021-09-21 11:39:02,632 - INFO - ------------------------------------------------------------------------------------------------------------------------
2021-09-21 11:39:02,633 - INFO - 微博id：4667137451103428
2021-09-21 11:39:02,633 - INFO - 微博正文：家是避风的港湾，家人是心灵的慰藉，与家人一块的时光尽是惬意和温暖。哪怕世界再大，一块就很美。 我与@冠珠瓷砖官方微博，邀你一块体验美好人居新生活。#冠珠瓷砖品牌代言人迪丽热巴# Dear-迪丽热巴的微博视频 
2021-09-21 11:39:02,633 - INFO - 原始图片url：
2021-09-21 11:39:02,633 - INFO - 微博位置：
2021-09-21 11:39:02,634 - INFO - 发布时间：2021-08-06
2021-09-21 11:39:02,634 - INFO - 发布工具：微博视频号
2021-09-21 11:39:02,634 - INFO - 点赞数：1679136
2021-09-21 11:39:02,634 - INFO - 评论数：1000000
2021-09-21 11:39:02,634 - INFO - 转发数：1000000
2021-09-21 11:39:02,634 - INFO - 话题：冠珠瓷砖品牌代言人迪丽热巴
2021-09-21 11:39:02,634 - INFO - @用户：冠珠瓷砖官方微博
2021-09-21 11:39:02,634 - INFO - url：https://m.weibo.cn/detail/4667137451103428
2021-09-21 11:39:02,634 - INFO - ------------------------------------------------------------------------------------------------------------------------
2021-09-21 11:39:02,635 - INFO - ------------------------------已获取Dear-迪丽热巴(1669879400)的第3页微博------------------------------
2021-09-21 11:39:11,556 - INFO - 微博id：4666564323836139
2021-09-21 11:39:11,556 - INFO - 微博正文：biu biu biu ✨🐰 Dear-迪丽热巴的微博视频 
2021-09-21 11:39:11,556 - INFO - 原始图片url：
2021-09-21 11:39:11,556 - INFO - 微博位置：
2021-09-21 11:39:11,557 - INFO - 发布时间：2021-08-04
2021-09-21 11:39:11,557 - INFO - 发布工具：微博视频号
2021-09-21 11:39:11,557 - INFO - 点赞数：2413351
2021-09-21 11:39:11,557 - INFO - 评论数：1000000
2021-09-21 11:39:11,557 - INFO - 转发数：1000000
2021-09-21 11:39:11,557 - INFO - 话题：
2021-09-21 11:39:11,557 - INFO - @用户：
2021-09-21 11:39:11,557 - INFO - url：https://m.weibo.cn/detail/4666564323836139
2021-09-21 11:39:11,557 - INFO - ------------------------------------------------------------------------------------------------------------------------
2021-09-21 11:39:11,558 - INFO - 微博id：4666441046165331
2021-09-21 11:39:11,558 - INFO - 微博正文：每次拍摄，都要保持状态在线，眼周也不例外。分享我的“养眼”神器——全新娇韵诗双萃精华眼霜，眼精华眼霜2in1，更深入守护眼周年轻，每天早晚坚持使用，再也不担心眼纹黑眼圈，还等什么？快来拥有，Get#2in1眼技控全场# Dear-迪丽热巴的微博视频 
2021-09-21 11:39:11,558 - INFO - 原始图片url：
2021-09-21 11:39:11,558 - INFO - 微博位置：
2021-09-21 11:39:11,558 - INFO - 发布时间：2021-08-04
2021-09-21 11:39:11,558 - INFO - 发布工具：微博视频号
2021-09-21 11:39:11,558 - INFO - 点赞数：1726354
2021-09-21 11:39:11,558 - INFO - 评论数：1000000
2021-09-21 11:39:11,559 - INFO - 转发数：1000000
2021-09-21 11:39:11,559 - INFO - 话题：2in1眼技控全场
2021-09-21 11:39:11,559 - INFO - @用户：
2021-09-21 11:39:11,559 - INFO - url：https://m.weibo.cn/detail/4666441046165331
2021-09-21 11:39:11,559 - INFO - ------------------------------------------------------------------------------------------------------------------------
2021-09-21 11:39:11,560 - INFO - 微博id：4666206236185112
2021-09-21 11:39:11,560 - INFO - 微博正文：#电视剧你是我的荣耀# 宝，你还有我@乔晶晶 #暑期嘉年华# Dear-迪丽热巴的微博视频 
2021-09-21 11:39:11,560 - INFO - 原始图片url：
2021-09-21 11:39:11,560 - INFO - 微博位置：
2021-09-21 11:39:11,560 - INFO - 发布时间：2021-08-03
2021-09-21 11:39:11,560 - INFO - 发布工具：微博视频号
2021-09-21 11:39:11,560 - INFO - 点赞数：1749286
2021-09-21 11:39:11,560 - INFO - 评论数：1000000
2021-09-21 11:39:11,560 - INFO - 转发数：1000000
2021-09-21 11:39:11,560 - INFO - 话题：电视剧你是我的荣耀,暑期嘉年华
2021-09-21 11:39:11,561 - INFO - @用户：乔晶晶
2021-09-21 11:39:11,561 - INFO - url：https://m.weibo.cn/detail/4666206236185112
2021-09-21 11:39:11,561 - INFO - ------------------------------------------------------------------------------------------------------------------------
2021-09-21 11:39:11,562 - INFO - 微博id：4665840580952689
2021-09-21 11:39:11,562 - INFO - 微博正文：乔晶晶 🎮 #电视剧你是我的荣耀# 晶晶自信人人爱，嘴和脑子一样快 #暑期嘉年华# 
2021-09-21 11:39:11,562 - INFO - 原始图片url：https://wx2.sinaimg.cn/large/001P0DUIly1gt2ph8gx2zj60u01buqkd02.jpg,https://wx3.sinaimg.cn/large/001P0DUIly1gt2ph7g4eej60u012odp302.jpg,https://wx3.sinaimg.cn/large/001P0DUIly1gt2phbta9fj62yo6y0u0y02.jpg
2021-09-21 11:39:11,562 - INFO - 微博位置：
2021-09-21 11:39:11,562 - INFO - 发布时间：2021-08-02
2021-09-21 11:39:11,562 - INFO - 发布工具：乔晶晶超话
2021-09-21 11:39:11,562 - INFO - 点赞数：2130957
2021-09-21 11:39:11,562 - INFO - 评论数：1000000
2021-09-21 11:39:11,562 - INFO - 转发数：1000000
2021-09-21 11:39:11,562 - INFO - 话题：电视剧你是我的荣耀,暑期嘉年华
2021-09-21 11:39:11,562 - INFO - @用户：
2021-09-21 11:39:11,563 - INFO - url：https://m.weibo.cn/detail/4665840580952689
2021-09-21 11:39:11,563 - INFO - ------------------------------------------------------------------------------------------------------------------------
2021-09-21 11:39:11,563 - INFO - 微博id：4665725316497472
2021-09-21 11:39:11,563 - INFO - 微博正文：听说这样拍照质量很高🕺🏻🕺🏻 绿洲 
2021-09-21 11:39:11,563 - INFO - 原始图片url：https://wx2.sinaimg.cn/large/001P0DUIly3gt2c9f8715j616n1kwb0a02.jpg,https://wx2.sinaimg.cn/large/001P0DUIly3gt2c9fepr4j616o1kwhc502.jpg,https://wx4.sinaimg.cn/large/001P0DUIly3gt2c9fcktej616o1kwx5i02.jpg,https://wx1.sinaimg.cn/large/001P0DUIly3gt2c9g55pgj616o1kwb2902.jpg
2021-09-21 11:39:11,564 - INFO - 微博位置：
2021-09-21 11:39:11,564 - INFO - 发布时间：2021-08-02
2021-09-21 11:39:11,564 - INFO - 发布工具：绿洲APP
2021-09-21 11:39:11,564 - INFO - 点赞数：2242425
2021-09-21 11:39:11,564 - INFO - 评论数：1000000
2021-09-21 11:39:11,564 - INFO - 转发数：1000000
2021-09-21 11:39:11,564 - INFO - 话题：
2021-09-21 11:39:11,564 - INFO - @用户：
2021-09-21 11:39:11,564 - INFO - url：https://m.weibo.cn/detail/4665725316497472
2021-09-21 11:39:11,564 - INFO - ------------------------------------------------------------------------------------------------------------------------
2021-09-21 11:39:11,565 - INFO - ------------------------------已获取Dear-迪丽热巴(1669879400)的第4页微博------------------------------
2021-09-21 11:39:11,567 - INFO - 28条微博写入csv文件完毕,保存路径:
2021-09-21 11:39:11,567 - INFO - /Users/seedjeff/Desktop/weibo-crawler-master/weibo/Dear-迪丽热巴/1669879400.csv
2021-09-21 11:39:11,567 - INFO - 微博爬取完成，共爬取28条微博
2021-09-21 11:39:11,567 - INFO - 信息抓取完毕
2021-09-21 11:39:11,567 - INFO - ****************************************************************************************************
2021-09-21 11:40:26,927 - INFO - Dear-迪丽热巴 信息写入csv文件完毕，保存路径:
2021-09-21 11:40:26,927 - INFO - /Users/seedjeff/Desktop/weibo-crawler-master/weibo/users.csv
2021-09-21 11:40:26,927 - INFO - ++++++++++++++++++++++++++++++++++++++++++++++++++++++++++++++++++++++++++++++++++++++++++++++++++++
2021-09-21 11:40:26,927 - INFO - 用户信息
2021-09-21 11:40:26,928 - INFO - 用户id：1669879400
2021-09-21 11:40:26,928 - INFO - 用户昵称：Dear-迪丽热巴
2021-09-21 11:40:26,928 - INFO - 性别：女
2021-09-21 11:40:26,928 - INFO - 生日：
2021-09-21 11:40:26,928 - INFO - 所在地：
2021-09-21 11:40:26,928 - INFO - 教育经历：
2021-09-21 11:40:26,928 - INFO - 公司：
2021-09-21 11:40:26,928 - INFO - 阳光信用：
2021-09-21 11:40:26,928 - INFO - 注册时间：
2021-09-21 11:40:26,928 - INFO - 微博数：1351
2021-09-21 11:40:26,928 - INFO - 粉丝数：76529654
2021-09-21 11:40:26,928 - INFO - 关注数：264
2021-09-21 11:40:26,929 - INFO - url：https://m.weibo.cn/profile/1669879400
2021-09-21 11:40:26,929 - INFO - 嘉行传媒签约演员　
2021-09-21 11:40:26,929 - INFO - 一只喜欢默默表演的小透明。工作联系jaywalk@jaywalk.com.cn 🍒
2021-09-21 11:40:26,929 - INFO - ++++++++++++++++++++++++++++++++++++++++++++++++++++++++++++++++++++++++++++++++++++++++++++++++++++
2021-09-21 11:40:27,844 - INFO - 正在过滤转发微博
2021-09-21 11:40:27,845 - INFO - 微博id：4682428611822947
2021-09-21 11:40:27,845 - INFO - 微博正文：牛肉菠菜馅儿🥟+自制黄油小饼干儿🍪 绿洲 
2021-09-21 11:40:27,845 - INFO - 原始图片url：https://wx3.sinaimg.cn/large/001P0DUIly3gujmlxy5klj60u0140k1702.jpg,https://wx3.sinaimg.cn/large/001P0DUIly3gujmly67zsj60u0140jx002.jpg,https://wx2.sinaimg.cn/large/001P0DUIly3gujmly2o77j60u0140do502.jpg
2021-09-21 11:40:27,845 - INFO - 微博位置：
2021-09-21 11:40:27,845 - INFO - 发布时间：2021-09-17
2021-09-21 11:40:27,845 - INFO - 发布工具：绿洲APP
2021-09-21 11:40:27,845 - INFO - 点赞数：2735298
2021-09-21 11:40:27,846 - INFO - 评论数：1000000
2021-09-21 11:40:27,846 - INFO - 转发数：1000000
2021-09-21 11:40:27,846 - INFO - 话题：
2021-09-21 11:40:27,846 - INFO - @用户：
2021-09-21 11:40:27,846 - INFO - url：https://m.weibo.cn/detail/4682428611822947
2021-09-21 11:40:27,846 - INFO - ------------------------------------------------------------------------------------------------------------------------
2021-09-21 11:40:27,847 - INFO - 微博id：4681634190723995
2021-09-21 11:40:27,847 - INFO - 微博正文：想不同，也敢于去活出不同，用色彩渲染自我态度，用实力诠释多面焦点，无惧他人目光，勇于突破想象，实力敢于不同！每一个你都是独家限定，9月23日与@colorkey珂拉琪 一起拥抱未知惊喜，发出自己的声浪！ #不是谁都敢不同#colorkey珂拉琪的微博视频 
2021-09-21 11:40:27,847 - INFO - 原始图片url：
2021-09-21 11:40:27,847 - INFO - 微博位置：
2021-09-21 11:40:27,847 - INFO - 发布时间：2021-09-15
2021-09-21 11:40:27,847 - INFO - 发布工具：微博视频号
2021-09-21 11:40:27,847 - INFO - 点赞数：2533782
2021-09-21 11:40:27,847 - INFO - 评论数：1000000
2021-09-21 11:40:27,848 - INFO - 转发数：1000000
2021-09-21 11:40:27,848 - INFO - 话题：不是谁都敢不同
2021-09-21 11:40:27,848 - INFO - @用户：colorkey珂拉琪
2021-09-21 11:40:27,848 - INFO - url：https://m.weibo.cn/detail/4681634190723995
2021-09-21 11:40:27,848 - INFO - ------------------------------------------------------------------------------------------------------------------------
2021-09-21 11:40:27,848 - INFO - 微博id：4680921581619904
2021-09-21 11:40:27,849 - INFO - 微博正文：喝下手中这杯“蓝天”☁️💙 绿洲 
2021-09-21 11:40:27,849 - INFO - 原始图片url：https://wx4.sinaimg.cn/large/001P0DUIly3guetiytybfj616o1kw4mv02.jpg,https://wx1.sinaimg.cn/large/001P0DUIly3guetizgy8zj616o1kw4qp02.jpg,https://wx1.sinaimg.cn/large/001P0DUIly3guetj1goobj616o1kw1kx02.jpg,https://wx2.sinaimg.cn/large/001P0DUIly3guetj1axkgj616o1kw1kx02.jpg,https://wx1.sinaimg.cn/large/001P0DUIly3guetj0f2grj616o1kwtz102.jpg,https://wx4.sinaimg.cn/large/001P0DUIly3guetj19i33j616o1kwkcx02.jpg,https://wx2.sinaimg.cn/large/001P0DUIly3guetj1roacj616o1kwasp02.jpg,https://wx1.sinaimg.cn/large/001P0DUIly3guetj2ikilj616o1kwqr302.jpg,https://wx4.sinaimg.cn/large/001P0DUIly3guetj2gs9xj616o1kwx0e02.jpg
2021-09-21 11:40:27,849 - INFO - 微博位置：
2021-09-21 11:40:27,849 - INFO - 发布时间：2021-09-13
2021-09-21 11:40:27,849 - INFO - 发布工具：绿洲APP
2021-09-21 11:40:27,849 - INFO - 点赞数：3730152
2021-09-21 11:40:27,849 - INFO - 评论数：1000000
2021-09-21 11:40:27,849 - INFO - 转发数：1000000
2021-09-21 11:40:27,849 - INFO - 话题：
2021-09-21 11:40:27,849 - INFO - @用户：
2021-09-21 11:40:27,849 - INFO - url：https://m.weibo.cn/detail/4680921581619904
2021-09-21 11:40:27,849 - INFO - ------------------------------------------------------------------------------------------------------------------------
2021-09-21 11:40:27,850 - INFO - 微博id：4680392583417231
2021-09-21 11:40:27,850 - INFO - 微博正文：又是一年美女生日祝大美女@杨幂 生日快乐啦么么么么啾啾啾啾～ 
2021-09-21 11:40:27,850 - INFO - 原始图片url：https://wx1.sinaimg.cn/large/001P0DUIly1gud4q3kp6kj61jk2bbnkz02.jpg,https://wx2.sinaimg.cn/large/001P0DUIly1gud4q2wvw6j647s5j8x6t02.jpg
2021-09-21 11:40:27,850 - INFO - 微博位置：
2021-09-21 11:40:27,851 - INFO - 发布时间：2021-09-12
2021-09-21 11:40:27,851 - INFO - 发布工具：
2021-09-21 11:40:27,851 - INFO - 点赞数：1198266
2021-09-21 11:40:27,851 - INFO - 评论数：39659
2021-09-21 11:40:27,851 - INFO - 转发数：12658
2021-09-21 11:40:27,851 - INFO - 话题：
2021-09-21 11:40:27,851 - INFO - @用户：杨幂
2021-09-21 11:40:27,851 - INFO - url：https://m.weibo.cn/detail/4680392583417231
2021-09-21 11:40:27,851 - INFO - ------------------------------------------------------------------------------------------------------------------------
2021-09-21 11:40:27,852 - INFO - 微博id：4679850792586570
2021-09-21 11:40:27,852 - INFO - 微博正文：#路易200#路易·威登先生出生200周年，卓越旅程中的创新从未止步。跟随我一同进入@路易威登 的视觉之旅。 Dear-迪丽热巴的微博视频 
2021-09-21 11:40:27,852 - INFO - 原始图片url：
2021-09-21 11:40:27,852 - INFO - 微博位置：
2021-09-21 11:40:27,852 - INFO - 发布时间：2021-09-10
2021-09-21 11:40:27,853 - INFO - 发布工具：微博视频号
2021-09-21 11:40:27,853 - INFO - 点赞数：2038883
2021-09-21 11:40:27,853 - INFO - 评论数：1000000
2021-09-21 11:40:27,853 - INFO - 转发数：1000000
2021-09-21 11:40:27,853 - INFO - 话题：路易200
2021-09-21 11:40:27,853 - INFO - @用户：路易威登
2021-09-21 11:40:27,853 - INFO - url：https://m.weibo.cn/detail/4679850792586570
2021-09-21 11:40:27,853 - INFO - ------------------------------------------------------------------------------------------------------------------------
2021-09-21 11:40:27,854 - INFO - 微博id：4679094132017934
2021-09-21 11:40:27,854 - INFO - 微博正文：很高兴成为@猫人Miiow 猫人保暖衣代言人。全新猫人亲肤科技，带来羊绒级触感，让柔软与温暖，和肌肤亲密接触，怕冷就穿「猫人热八度」。#热巴代言猫人保暖衣# Dear-迪丽热巴的微博视频 
2021-09-21 11:40:27,854 - INFO - 原始图片url：
2021-09-21 11:40:27,854 - INFO - 微博位置：
2021-09-21 11:40:27,854 - INFO - 发布时间：2021-09-08
2021-09-21 11:40:27,854 - INFO - 发布工具：微博视频号
2021-09-21 11:40:27,854 - INFO - 点赞数：2101269
2021-09-21 11:40:27,855 - INFO - 评论数：1000000
2021-09-21 11:40:27,855 - INFO - 转发数：1000000
2021-09-21 11:40:27,855 - INFO - 话题：热巴代言猫人保暖衣
2021-09-21 11:40:27,855 - INFO - @用户：猫人Miiow
2021-09-21 11:40:27,855 - INFO - url：https://m.weibo.cn/detail/4679094132017934
2021-09-21 11:40:27,855 - INFO - ------------------------------------------------------------------------------------------------------------------------
2021-09-21 11:40:27,856 - INFO - 正在过滤转发微博
2021-09-21 11:40:27,857 - INFO - 正在过滤转发微博
2021-09-21 11:40:27,858 - INFO - 微博id：4676564891730990
2021-09-21 11:40:27,858 - INFO - 微博正文：抓住夏天的尾巴 绿洲 
2021-09-21 11:40:27,858 - INFO - 原始图片url：https://wx1.sinaimg.cn/large/001P0DUIly3gu0x643rqtj616o1kwqv502.jpg,https://wx3.sinaimg.cn/large/001P0DUIly3gu0x64537aj616n1kwqv502.jpg,https://wx3.sinaimg.cn/large/001P0DUIly3gu0x6444nkj616n1kwqv502.jpg,https://wx1.sinaimg.cn/large/001P0DUIly3gu0x658dozj616o1kw1ky02.jpg
2021-09-21 11:40:27,858 - INFO - 微博位置：
2021-09-21 11:40:27,858 - INFO - 发布时间：2021-09-01
2021-09-21 11:40:27,858 - INFO - 发布工具：绿洲APP
2021-09-21 11:40:27,859 - INFO - 点赞数：3849816
2021-09-21 11:40:27,859 - INFO - 评论数：1000000
2021-09-21 11:40:27,859 - INFO - 转发数：1000000
2021-09-21 11:40:27,859 - INFO - 话题：
2021-09-21 11:40:27,859 - INFO - @用户：
2021-09-21 11:40:27,859 - INFO - url：https://m.weibo.cn/detail/4676564891730990
2021-09-21 11:40:27,859 - INFO - ------------------------------------------------------------------------------------------------------------------------
2021-09-21 11:40:27,859 - INFO - ------------------------------已获取Dear-迪丽热巴(1669879400)的第1页微博------------------------------
2021-09-21 11:40:31,469 - INFO - 正在过滤转发微博
2021-09-21 11:40:31,470 - INFO - 微博id：4674755162281835
2021-09-21 11:40:31,470 - INFO - 微博正文：这身西装夹克很酷，加点棕褐“特调”提升时髦度~点睛灵感来自 @路易威登 Dauphine 手袋 
2021-09-21 11:40:31,470 - INFO - 原始图片url：https://wx4.sinaimg.cn/large/001P0DUIly1gtv57km4l6j644f66j1l402.jpg,https://wx2.sinaimg.cn/large/001P0DUIly1gtv57btlidj644f66ju1302.jpg,https://wx4.sinaimg.cn/large/001P0DUIly1gtv57rggouj647s6bkx6u02.jpg
2021-09-21 11:40:31,470 - INFO - 微博位置：
2021-09-21 11:40:31,470 - INFO - 发布时间：2021-08-27
2021-09-21 11:40:31,471 - INFO - 发布工具：
2021-09-21 11:40:31,471 - INFO - 点赞数：2907551
2021-09-21 11:40:31,471 - INFO - 评论数：1000000
2021-09-21 11:40:31,471 - INFO - 转发数：1000000
2021-09-21 11:40:31,471 - INFO - 话题：
2021-09-21 11:40:31,471 - INFO - @用户：路易威登
2021-09-21 11:40:31,471 - INFO - url：https://m.weibo.cn/detail/4674755162281835
2021-09-21 11:40:31,471 - INFO - ------------------------------------------------------------------------------------------------------------------------
2021-09-21 11:40:32,200 - INFO - 正在过滤转发微博
2021-09-21 11:40:32,201 - INFO - 微博id：4674010535690802
2021-09-21 11:40:32,201 - INFO - 微博正文：很荣幸成为@沛纳海Panerai 全球品牌代言人，与沛纳海一起无畏挑战，保持初心，#砥砺前行#。#沛纳海全球品牌代言人迪丽热巴#沛纳海PANERAI的微博视频 
2021-09-21 11:40:32,201 - INFO - 原始图片url：
2021-09-21 11:40:32,201 - INFO - 微博位置：
2021-09-21 11:40:32,201 - INFO - 发布时间：2021-08-25
2021-09-21 11:40:32,201 - INFO - 发布工具：微博视频号
2021-09-21 11:40:32,201 - INFO - 点赞数：2686559
2021-09-21 11:40:32,201 - INFO - 评论数：1000000
2021-09-21 11:40:32,201 - INFO - 转发数：1000000
2021-09-21 11:40:32,201 - INFO - 话题：砥砺前行,沛纳海全球品牌代言人迪丽热巴
2021-09-21 11:40:32,201 - INFO - @用户：沛纳海Panerai
2021-09-21 11:40:32,201 - INFO - url：https://m.weibo.cn/detail/4674010535690802
2021-09-21 11:40:32,201 - INFO - ------------------------------------------------------------------------------------------------------------------------
2021-09-21 11:40:32,923 - INFO - 微博id：4673469763816437
2021-09-21 11:40:32,923 - INFO - 微博正文：今晚荣耀大结局了，非常开心能和大家一起度过这个追剧的夏天，晶晶也在平行世界中拥有了美好的结局。从中学的青涩暗恋，到携手步入婚姻殿堂，晶晶和于途完成了一场属于彼此的双向奔赴，美好且热烈的旅程。我们一起陪伴乔晶晶共情着她的美好追寻，一起喜欢着她的可爱调皮、一起欣赏着她的勇敢直率。在最后一集，晶晶作为航天人家属，观看了“搜神号”的发射，跟我们一起见证了航天人实现梦想和祖国航天事业蓬勃发展的盛况。这也让我们看到了祖国航天事业背后有着一群非常可爱、可敬的人。除了乔晶晶，之前我也演过高雯和郝美丽，她们职业虽相同，都是女明星，但个性全然不同。她们都不约而同地见证着我的成长，在我的不同时期、不同阶段都留有印记，同时也赋予了我源源不断的能量。在触碰和感知每一个角色的同时，我或多或少也都从角色中汲取了些什么，热爱、清醒、努力……这些词也都在潜移默化地影响着我，使我成为更好的自己。最后，希望大家都能像乔晶晶一样，在自己的世界中闪闪发光～再见，乔晶晶✨
2021-09-21 11:40:32,923 - INFO - 原始图片url：https://wx2.sinaimg.cn/large/001P0DUIly1gtr1osm6ihj612m1i2h5k02.jpg,https://wx4.sinaimg.cn/large/001P0DUIly1gtr1ot1eoaj61hc1hsts102.jpg,https://wx2.sinaimg.cn/large/001P0DUIly1gtr1oteac0j60rs0iijxn02.jpg
2021-09-21 11:40:32,923 - INFO - 微博位置：
2021-09-21 11:40:32,923 - INFO - 发布时间：2021-08-23
2021-09-21 11:40:32,923 - INFO - 发布工具：
2021-09-21 11:40:32,923 - INFO - 点赞数：3986386
2021-09-21 11:40:32,924 - INFO - 评论数：1000000
2021-09-21 11:40:32,924 - INFO - 转发数：1000000
2021-09-21 11:40:32,924 - INFO - 话题：
2021-09-21 11:40:32,924 - INFO - @用户：
2021-09-21 11:40:32,924 - INFO - url：https://m.weibo.cn/detail/4673469763816437
2021-09-21 11:40:32,924 - INFO - ------------------------------------------------------------------------------------------------------------------------
2021-09-21 11:40:32,924 - INFO - 微博id：4671524113747527
2021-09-21 11:40:32,925 - INFO - 微博正文：plog说到做到 
2021-09-21 11:40:32,925 - INFO - 原始图片url：https://wx2.sinaimg.cn/large/001P0DUIly1gtku8n9q3uj60e03404kt02.jpg,https://wx1.sinaimg.cn/large/001P0DUIly1gtl881xksvj60n03wckjl02.jpg,https://wx2.sinaimg.cn/large/001P0DUIly1gtku8pi1c2j60n02phe8102.jpg
2021-09-21 11:40:32,925 - INFO - 微博位置：
2021-09-21 11:40:32,925 - INFO - 发布时间：2021-08-18
2021-09-21 11:40:32,925 - INFO - 发布工具：
2021-09-21 11:40:32,925 - INFO - 点赞数：3950870
2021-09-21 11:40:32,925 - INFO - 评论数：1000000
2021-09-21 11:40:32,925 - INFO - 转发数：1000000
2021-09-21 11:40:32,925 - INFO - 话题：
2021-09-21 11:40:32,925 - INFO - @用户：
2021-09-21 11:40:32,925 - INFO - url：https://m.weibo.cn/detail/4671524113747527
2021-09-21 11:40:32,925 - INFO - ------------------------------------------------------------------------------------------------------------------------
2021-09-21 11:40:32,926 - INFO - 微博id：4670928451016705
2021-09-21 11:40:32,926 - INFO - 微博正文：#电视剧你是我的荣耀# 祝晶晶@乔晶晶 新婚快乐，永远幸福 Dear-迪丽热巴的微博视频 
2021-09-21 11:40:32,926 - INFO - 原始图片url：
2021-09-21 11:40:32,927 - INFO - 微博位置：
2021-09-21 11:40:32,927 - INFO - 发布时间：2021-08-16
2021-09-21 11:40:32,927 - INFO - 发布工具：微博视频号
2021-09-21 11:40:32,927 - INFO - 点赞数：3500247
2021-09-21 11:40:32,927 - INFO - 评论数：1000000
2021-09-21 11:40:32,927 - INFO - 转发数：1000000
2021-09-21 11:40:32,927 - INFO - 话题：电视剧你是我的荣耀
2021-09-21 11:40:32,927 - INFO - @用户：乔晶晶
2021-09-21 11:40:32,927 - INFO - url：https://m.weibo.cn/detail/4670928451016705
2021-09-21 11:40:32,927 - INFO - ------------------------------------------------------------------------------------------------------------------------
2021-09-21 11:40:32,928 - INFO - 正在过滤转发微博
2021-09-21 11:40:32,929 - INFO - 微博id：4669818555336068
2021-09-21 11:40:32,929 - INFO - 微博正文：#见面吧星朋友# #心动来电#大美女来啦！！ Dear-迪丽热巴的微博视频 
2021-09-21 11:40:32,929 - INFO - 原始图片url：
2021-09-21 11:40:32,929 - INFO - 微博位置：
2021-09-21 11:40:32,929 - INFO - 发布时间：2021-08-13
2021-09-21 11:40:32,929 - INFO - 发布工具：微博直播平台
2021-09-21 11:40:32,930 - INFO - 点赞数：3773738
2021-09-21 11:40:32,930 - INFO - 评论数：1000000
2021-09-21 11:40:32,930 - INFO - 转发数：1000000
2021-09-21 11:40:32,930 - INFO - 话题：见面吧星朋友,心动来电
2021-09-21 11:40:32,930 - INFO - @用户：
2021-09-21 11:40:32,930 - INFO - url：https://m.weibo.cn/detail/4669818555336068
2021-09-21 11:40:32,930 - INFO - ------------------------------------------------------------------------------------------------------------------------
2021-09-21 11:40:32,931 - INFO - 微博id：4669294607077399
2021-09-21 11:40:32,931 - INFO - 微博正文：不负炙热，肆意发光随时代迭代，就是我们青年一代很高兴成为特步品牌代言人@特步体育一起创造X新青年的无限可能#迪丽热巴代言特步# 
2021-09-21 11:40:32,931 - INFO - 原始图片url：https://wx4.sinaimg.cn/large/001P0DUIly1gtdq6ul7uvj62w6557npi02.jpg,https://wx3.sinaimg.cn/large/001P0DUIly1gtdq6qy8i8j62w65577wn02.jpg
2021-09-21 11:40:32,931 - INFO - 微博位置：
2021-09-21 11:40:32,931 - INFO - 发布时间：2021-08-12
2021-09-21 11:40:32,931 - INFO - 发布工具：
2021-09-21 11:40:32,931 - INFO - 点赞数：2288228
2021-09-21 11:40:32,931 - INFO - 评论数：1000000
2021-09-21 11:40:32,931 - INFO - 转发数：1000000
2021-09-21 11:40:32,931 - INFO - 话题：迪丽热巴代言特步
2021-09-21 11:40:32,931 - INFO - @用户：特步体育
2021-09-21 11:40:32,931 - INFO - url：https://m.weibo.cn/detail/4669294607077399
2021-09-21 11:40:32,932 - INFO - ------------------------------------------------------------------------------------------------------------------------
2021-09-21 11:40:32,932 - INFO - ------------------------------已获取Dear-迪丽热巴(1669879400)的第2页微博------------------------------
2021-09-21 11:40:33,734 - INFO - 微博id：4669099152514238
2021-09-21 11:40:33,734 - INFO - 微博正文：乔晶晶真是撒娇“晶”本“晶”@乔晶晶 
2021-09-21 11:40:33,734 - INFO - 原始图片url：https://wx4.sinaimg.cn/large/001P0DUIly1gtd3qf0myfj60zk28ex1y02.jpg,https://wx3.sinaimg.cn/large/001P0DUIly1gtd3qedr7sj60u01cqgyi02.jpg,https://wx2.sinaimg.cn/large/001P0DUIly1gtd3qfhcodj60u01z4nhl02.jpg,https://wx1.sinaimg.cn/large/001P0DUIly1gtd3qg3zicj60u029ctwq02.jpg
2021-09-21 11:40:33,734 - INFO - 微博位置：
2021-09-21 11:40:33,734 - INFO - 发布时间：2021-08-11
2021-09-21 11:40:33,734 - INFO - 发布工具：
2021-09-21 11:40:33,734 - INFO - 点赞数：2217318
2021-09-21 11:40:33,734 - INFO - 评论数：1000000
2021-09-21 11:40:33,734 - INFO - 转发数：1000000
2021-09-21 11:40:33,734 - INFO - 话题：
2021-09-21 11:40:33,734 - INFO - @用户：乔晶晶
2021-09-21 11:40:33,735 - INFO - url：https://m.weibo.cn/detail/4669099152514238
2021-09-21 11:40:33,735 - INFO - ------------------------------------------------------------------------------------------------------------------------
2021-09-21 11:40:33,735 - INFO - 微博id：4669090704659534
2021-09-21 11:40:33,735 - INFO - 微博正文：于老师，一起比个耶吧！@杨洋 
2021-09-21 11:40:33,735 - INFO - 原始图片url：https://wx3.sinaimg.cn/large/001P0DUIly1gtd2qrdd0ej608o08o0t202.jpg
2021-09-21 11:40:33,735 - INFO - 微博位置：
2021-09-21 11:40:33,735 - INFO - 发布时间：2021-08-11
2021-09-21 11:40:33,735 - INFO - 发布工具：
2021-09-21 11:40:33,736 - INFO - 点赞数：1484938
2021-09-21 11:40:33,736 - INFO - 评论数：55793
2021-09-21 11:40:33,736 - INFO - 转发数：142785
2021-09-21 11:40:33,736 - INFO - 话题：
2021-09-21 11:40:33,736 - INFO - @用户：杨洋
2021-09-21 11:40:33,736 - INFO - url：https://m.weibo.cn/detail/4669090704659534
2021-09-21 11:40:33,736 - INFO - ------------------------------------------------------------------------------------------------------------------------
2021-09-21 11:40:33,737 - INFO - 微博id：4668742729204771
2021-09-21 11:40:33,737 - INFO - 微博正文：#idoltube# 想rua@乔晶晶 的脸～～～ Dear-迪丽热巴的微博视频 
2021-09-21 11:40:33,737 - INFO - 原始图片url：
2021-09-21 11:40:33,737 - INFO - 微博位置：
2021-09-21 11:40:33,737 - INFO - 发布时间：2021-08-10
2021-09-21 11:40:33,737 - INFO - 发布工具：微博视频号
2021-09-21 11:40:33,737 - INFO - 点赞数：2682430
2021-09-21 11:40:33,737 - INFO - 评论数：1000000
2021-09-21 11:40:33,738 - INFO - 转发数：1000000
2021-09-21 11:40:33,738 - INFO - 话题：idoltube
2021-09-21 11:40:33,738 - INFO - @用户：乔晶晶
2021-09-21 11:40:33,738 - INFO - url：https://m.weibo.cn/detail/4668742729204771
2021-09-21 11:40:33,738 - INFO - ------------------------------------------------------------------------------------------------------------------------
2021-09-21 11:40:33,739 - INFO - 微博id：4668373671614231
2021-09-21 11:40:33,739 - INFO - 微博正文：#idoltube##乔晶晶有点愿意但又不开心#你和你～最后的倔强～@乔晶晶 Dear-迪丽热巴的微博视频 
2021-09-21 11:40:33,739 - INFO - 原始图片url：
2021-09-21 11:40:33,739 - INFO - 微博位置：
2021-09-21 11:40:33,739 - INFO - 发布时间：2021-08-09
2021-09-21 11:40:33,739 - INFO - 发布工具：微博视频号
2021-09-21 11:40:33,739 - INFO - 点赞数：2443258
2021-09-21 11:40:33,740 - INFO - 评论数：1000000
2021-09-21 11:40:33,740 - INFO - 转发数：1000000
2021-09-21 11:40:33,740 - INFO - 话题：idoltube,乔晶晶有点愿意但又不开心
2021-09-21 11:40:33,740 - INFO - @用户：乔晶晶
2021-09-21 11:40:33,740 - INFO - url：https://m.weibo.cn/detail/4668373671614231
2021-09-21 11:40:33,740 - INFO - ------------------------------------------------------------------------------------------------------------------------
2021-09-21 11:40:33,742 - INFO - 正在过滤转发微博
2021-09-21 11:40:33,742 - INFO - 微博id：4668222462497643
2021-09-21 11:40:33,743 - INFO - 微博正文：一扇任意门，一串爱心气球，一瞬巴黎时光～ 这个夏天和我一起拍摄#1664法式大片#，留下美好瞬间，每个POSE都自带优雅。点击大图GET我的同款拍照边框，打开果香馥郁的桃红啤酒，私藏@凯旋1664 带来的法式浪漫时光吧！ 
2021-09-21 11:40:33,743 - INFO - 原始图片url：https://wx3.sinaimg.cn/large/001P0DUIly1gtab1wr66ij60tz13yndc02.jpg
2021-09-21 11:40:33,743 - INFO - 微博位置：
2021-09-21 11:40:33,743 - INFO - 发布时间：2021-08-09
2021-09-21 11:40:33,743 - INFO - 发布工具：
2021-09-21 11:40:33,743 - INFO - 点赞数：2072491
2021-09-21 11:40:33,743 - INFO - 评论数：1000000
2021-09-21 11:40:33,743 - INFO - 转发数：1000000
2021-09-21 11:40:33,743 - INFO - 话题：1664法式大片
2021-09-21 11:40:33,743 - INFO - @用户：凯旋1664
2021-09-21 11:40:33,743 - INFO - url：https://m.weibo.cn/detail/4668222462497643
2021-09-21 11:40:33,743 - INFO - ------------------------------------------------------------------------------------------------------------------------
2021-09-21 11:40:33,744 - INFO - 微博id：4667918095222951
2021-09-21 11:40:33,744 - INFO - 微博正文：漂亮温柔的姐姐生日快乐@佟丽娅 
2021-09-21 11:40:33,744 - INFO - 原始图片url：
2021-09-21 11:40:33,744 - INFO - 微博位置：
2021-09-21 11:40:33,745 - INFO - 发布时间：2021-08-08
2021-09-21 11:40:33,745 - INFO - 发布工具：
2021-09-21 11:40:33,745 - INFO - 点赞数：765860
2021-09-21 11:40:33,745 - INFO - 评论数：31200
2021-09-21 11:40:33,745 - INFO - 转发数：7118
2021-09-21 11:40:33,745 - INFO - 话题：
2021-09-21 11:40:33,745 - INFO - @用户：佟丽娅
2021-09-21 11:40:33,745 - INFO - url：https://m.weibo.cn/detail/4667918095222951
2021-09-21 11:40:33,745 - INFO - ------------------------------------------------------------------------------------------------------------------------
2021-09-21 11:40:33,746 - INFO - 微博id：4667650007367699
2021-09-21 11:40:33,746 - INFO - 微博正文：立秋～带乔晶晶一起参加#快乐大本营# 今晚见～ 
2021-09-21 11:40:33,746 - INFO - 原始图片url：https://wx4.sinaimg.cn/large/001P0DUIly1gt8hahryatj62203g6kjn02.jpg,https://wx3.sinaimg.cn/large/001P0DUIly1gt8ha39n2tj63df56ohdx02.jpg,https://wx1.sinaimg.cn/large/001P0DUIly1gt8hax6aadj63gg56o7wm02.jpg,https://wx3.sinaimg.cn/large/001P0DUIly1gt8hb6481dj62lc3w0b2c02.jpg
2021-09-21 11:40:33,747 - INFO - 微博位置：
2021-09-21 11:40:33,747 - INFO - 发布时间：2021-08-07
2021-09-21 11:40:33,747 - INFO - 发布工具：
2021-09-21 11:40:33,747 - INFO - 点赞数：1434339
2021-09-21 11:40:33,747 - INFO - 评论数：1000000
2021-09-21 11:40:33,747 - INFO - 转发数：1000000
2021-09-21 11:40:33,747 - INFO - 话题：快乐大本营
2021-09-21 11:40:33,747 - INFO - @用户：
2021-09-21 11:40:33,747 - INFO - url：https://m.weibo.cn/detail/4667650007367699
2021-09-21 11:40:33,747 - INFO - ------------------------------------------------------------------------------------------------------------------------
2021-09-21 11:40:33,748 - INFO - 微博id：4667526191514195
2021-09-21 11:40:33,748 - INFO - 微博正文：周末愉快～～～～ 绿洲 
2021-09-21 11:40:33,748 - INFO - 原始图片url：https://wx3.sinaimg.cn/large/001P0DUIly3gt8337lizyj616o1kwnpd02.jpg,https://wx4.sinaimg.cn/large/001P0DUIly3gt8337jo9oj616n1kwe8102.jpg,https://wx4.sinaimg.cn/large/001P0DUIly3gt8337httgj616o1kwhdt02.jpg,https://wx4.sinaimg.cn/large/001P0DUIly3gt83387l7uj616o1kwe8102.jpg,https://wx3.sinaimg.cn/large/001P0DUIly3gt8338e7mtj616o1kwe8102.jpg,https://wx4.sinaimg.cn/large/001P0DUIly3gt833913yxj616o1kwe8102.jpg,https://wx1.sinaimg.cn/large/001P0DUIly3gt83392585j616o1kwhdt02.jpg
2021-09-21 11:40:33,748 - INFO - 微博位置：
2021-09-21 11:40:33,748 - INFO - 发布时间：2021-08-07
2021-09-21 11:40:33,748 - INFO - 发布工具：绿洲APP
2021-09-21 11:40:33,748 - INFO - 点赞数：3435740
2021-09-21 11:40:33,748 - INFO - 评论数：1000000
2021-09-21 11:40:33,748 - INFO - 转发数：1000000
2021-09-21 11:40:33,749 - INFO - 话题：
2021-09-21 11:40:33,749 - INFO - @用户：
2021-09-21 11:40:33,749 - INFO - url：https://m.weibo.cn/detail/4667526191514195
2021-09-21 11:40:33,749 - INFO - ------------------------------------------------------------------------------------------------------------------------
2021-09-21 11:40:33,750 - INFO - 微博id：4667137451103428
2021-09-21 11:40:33,750 - INFO - 微博正文：家是避风的港湾，家人是心灵的慰藉，与家人一块的时光尽是惬意和温暖。哪怕世界再大，一块就很美。 我与@冠珠瓷砖官方微博，邀你一块体验美好人居新生活。#冠珠瓷砖品牌代言人迪丽热巴# Dear-迪丽热巴的微博视频 
2021-09-21 11:40:33,750 - INFO - 原始图片url：
2021-09-21 11:40:33,750 - INFO - 微博位置：
2021-09-21 11:40:33,750 - INFO - 发布时间：2021-08-06
2021-09-21 11:40:33,750 - INFO - 发布工具：微博视频号
2021-09-21 11:40:33,750 - INFO - 点赞数：1679136
2021-09-21 11:40:33,750 - INFO - 评论数：1000000
2021-09-21 11:40:33,750 - INFO - 转发数：1000000
2021-09-21 11:40:33,750 - INFO - 话题：冠珠瓷砖品牌代言人迪丽热巴
2021-09-21 11:40:33,750 - INFO - @用户：冠珠瓷砖官方微博
2021-09-21 11:40:33,750 - INFO - url：https://m.weibo.cn/detail/4667137451103428
2021-09-21 11:40:33,751 - INFO - ------------------------------------------------------------------------------------------------------------------------
2021-09-21 11:40:33,751 - INFO - ------------------------------已获取Dear-迪丽热巴(1669879400)的第3页微博------------------------------
2021-09-21 11:40:41,607 - INFO - 微博id：4666564323836139
2021-09-21 11:40:41,608 - INFO - 微博正文：biu biu biu ✨🐰 Dear-迪丽热巴的微博视频 
2021-09-21 11:40:41,608 - INFO - 原始图片url：
2021-09-21 11:40:41,608 - INFO - 微博位置：
2021-09-21 11:40:41,608 - INFO - 发布时间：2021-08-04
2021-09-21 11:40:41,608 - INFO - 发布工具：微博视频号
2021-09-21 11:40:41,608 - INFO - 点赞数：2413351
2021-09-21 11:40:41,608 - INFO - 评论数：1000000
2021-09-21 11:40:41,608 - INFO - 转发数：1000000
2021-09-21 11:40:41,608 - INFO - 话题：
2021-09-21 11:40:41,608 - INFO - @用户：
2021-09-21 11:40:41,608 - INFO - url：https://m.weibo.cn/detail/4666564323836139
2021-09-21 11:40:41,608 - INFO - ------------------------------------------------------------------------------------------------------------------------
2021-09-21 11:40:41,609 - INFO - 微博id：4666441046165331
2021-09-21 11:40:41,609 - INFO - 微博正文：每次拍摄，都要保持状态在线，眼周也不例外。分享我的“养眼”神器——全新娇韵诗双萃精华眼霜，眼精华眼霜2in1，更深入守护眼周年轻，每天早晚坚持使用，再也不担心眼纹黑眼圈，还等什么？快来拥有，Get#2in1眼技控全场# Dear-迪丽热巴的微博视频 
2021-09-21 11:40:41,609 - INFO - 原始图片url：
2021-09-21 11:40:41,609 - INFO - 微博位置：
2021-09-21 11:40:41,610 - INFO - 发布时间：2021-08-04
2021-09-21 11:40:41,610 - INFO - 发布工具：微博视频号
2021-09-21 11:40:41,610 - INFO - 点赞数：1726354
2021-09-21 11:40:41,610 - INFO - 评论数：1000000
2021-09-21 11:40:41,610 - INFO - 转发数：1000000
2021-09-21 11:40:41,610 - INFO - 话题：2in1眼技控全场
2021-09-21 11:40:41,610 - INFO - @用户：
2021-09-21 11:40:41,610 - INFO - url：https://m.weibo.cn/detail/4666441046165331
2021-09-21 11:40:41,610 - INFO - ------------------------------------------------------------------------------------------------------------------------
2021-09-21 11:40:41,611 - INFO - 微博id：4666206236185112
2021-09-21 11:40:41,611 - INFO - 微博正文：#电视剧你是我的荣耀# 宝，你还有我@乔晶晶 #暑期嘉年华# Dear-迪丽热巴的微博视频 
2021-09-21 11:40:41,611 - INFO - 原始图片url：
2021-09-21 11:40:41,611 - INFO - 微博位置：
2021-09-21 11:40:41,612 - INFO - 发布时间：2021-08-03
2021-09-21 11:40:41,612 - INFO - 发布工具：微博视频号
2021-09-21 11:40:41,612 - INFO - 点赞数：1749286
2021-09-21 11:40:41,612 - INFO - 评论数：1000000
2021-09-21 11:40:41,612 - INFO - 转发数：1000000
2021-09-21 11:40:41,612 - INFO - 话题：电视剧你是我的荣耀,暑期嘉年华
2021-09-21 11:40:41,612 - INFO - @用户：乔晶晶
2021-09-21 11:40:41,612 - INFO - url：https://m.weibo.cn/detail/4666206236185112
2021-09-21 11:40:41,612 - INFO - ------------------------------------------------------------------------------------------------------------------------
2021-09-21 11:40:41,613 - INFO - 微博id：4665840580952689
2021-09-21 11:40:41,613 - INFO - 微博正文：乔晶晶 🎮 #电视剧你是我的荣耀# 晶晶自信人人爱，嘴和脑子一样快 #暑期嘉年华# 
2021-09-21 11:40:41,613 - INFO - 原始图片url：https://wx2.sinaimg.cn/large/001P0DUIly1gt2ph8gx2zj60u01buqkd02.jpg,https://wx3.sinaimg.cn/large/001P0DUIly1gt2ph7g4eej60u012odp302.jpg,https://wx3.sinaimg.cn/large/001P0DUIly1gt2phbta9fj62yo6y0u0y02.jpg
2021-09-21 11:40:41,613 - INFO - 微博位置：
2021-09-21 11:40:41,613 - INFO - 发布时间：2021-08-02
2021-09-21 11:40:41,614 - INFO - 发布工具：乔晶晶超话
2021-09-21 11:40:41,614 - INFO - 点赞数：2130957
2021-09-21 11:40:41,614 - INFO - 评论数：1000000
2021-09-21 11:40:41,614 - INFO - 转发数：1000000
2021-09-21 11:40:41,614 - INFO - 话题：电视剧你是我的荣耀,暑期嘉年华
2021-09-21 11:40:41,614 - INFO - @用户：
2021-09-21 11:40:41,614 - INFO - url：https://m.weibo.cn/detail/4665840580952689
2021-09-21 11:40:41,614 - INFO - ------------------------------------------------------------------------------------------------------------------------
2021-09-21 11:40:41,615 - INFO - 微博id：4665725316497472
2021-09-21 11:40:41,615 - INFO - 微博正文：听说这样拍照质量很高🕺🏻🕺🏻 绿洲 
2021-09-21 11:40:41,615 - INFO - 原始图片url：https://wx2.sinaimg.cn/large/001P0DUIly3gt2c9f8715j616n1kwb0a02.jpg,https://wx2.sinaimg.cn/large/001P0DUIly3gt2c9fepr4j616o1kwhc502.jpg,https://wx4.sinaimg.cn/large/001P0DUIly3gt2c9fcktej616o1kwx5i02.jpg,https://wx1.sinaimg.cn/large/001P0DUIly3gt2c9g55pgj616o1kwb2902.jpg
2021-09-21 11:40:41,615 - INFO - 微博位置：
2021-09-21 11:40:41,615 - INFO - 发布时间：2021-08-02
2021-09-21 11:40:41,615 - INFO - 发布工具：绿洲APP
2021-09-21 11:40:41,615 - INFO - 点赞数：2242426
2021-09-21 11:40:41,615 - INFO - 评论数：1000000
2021-09-21 11:40:41,615 - INFO - 转发数：1000000
2021-09-21 11:40:41,615 - INFO - 话题：
2021-09-21 11:40:41,616 - INFO - @用户：
2021-09-21 11:40:41,616 - INFO - url：https://m.weibo.cn/detail/4665725316497472
2021-09-21 11:40:41,616 - INFO - ------------------------------------------------------------------------------------------------------------------------
2021-09-21 11:40:41,617 - INFO - ------------------------------已获取Dear-迪丽热巴(1669879400)的第4页微博------------------------------
2021-09-21 11:40:41,619 - INFO - 28条微博写入csv文件完毕,保存路径:
2021-09-21 11:40:41,619 - INFO - /Users/seedjeff/Desktop/weibo-crawler-master/weibo/Dear-迪丽热巴/1669879400.csv
2021-09-21 11:40:41,619 - INFO - 微博爬取完成，共爬取28条微博
2021-09-21 11:40:41,619 - INFO - 信息抓取完毕
2021-09-21 11:40:41,619 - INFO - ****************************************************************************************************
2021-09-21 11:45:10,173 - INFO - Dear-迪丽热巴 信息写入csv文件完毕，保存路径:
2021-09-21 11:45:10,173 - INFO - /Users/seedjeff/Desktop/weibo-crawler-master/weibo/users.csv
2021-09-21 11:45:10,174 - INFO - ++++++++++++++++++++++++++++++++++++++++++++++++++++++++++++++++++++++++++++++++++++++++++++++++++++
2021-09-21 11:45:10,174 - INFO - 用户信息
2021-09-21 11:45:10,174 - INFO - 用户id：1669879400
2021-09-21 11:45:10,174 - INFO - 用户昵称：Dear-迪丽热巴
2021-09-21 11:45:10,174 - INFO - 性别：女
2021-09-21 11:45:10,174 - INFO - 生日：
2021-09-21 11:45:10,174 - INFO - 所在地：
2021-09-21 11:45:10,174 - INFO - 教育经历：
2021-09-21 11:45:10,174 - INFO - 公司：
2021-09-21 11:45:10,174 - INFO - 阳光信用：
2021-09-21 11:45:10,174 - INFO - 注册时间：
2021-09-21 11:45:10,174 - INFO - 微博数：1351
2021-09-21 11:45:10,175 - INFO - 粉丝数：76529670
2021-09-21 11:45:10,175 - INFO - 关注数：264
2021-09-21 11:45:10,175 - INFO - url：https://m.weibo.cn/profile/1669879400
2021-09-21 11:45:10,175 - INFO - 嘉行传媒签约演员　
2021-09-21 11:45:10,175 - INFO - 一只喜欢默默表演的小透明。工作联系jaywalk@jaywalk.com.cn 🍒
2021-09-21 11:45:10,175 - INFO - ++++++++++++++++++++++++++++++++++++++++++++++++++++++++++++++++++++++++++++++++++++++++++++++++++++
2021-09-21 11:45:12,447 - INFO - 正在过滤转发微博
2021-09-21 11:45:12,448 - INFO - 微博id：4682428611822947
2021-09-21 11:45:12,448 - INFO - 微博正文：牛肉菠菜馅儿🥟+自制黄油小饼干儿🍪 绿洲 
2021-09-21 11:45:12,448 - INFO - 原始图片url：https://wx3.sinaimg.cn/large/001P0DUIly3gujmlxy5klj60u0140k1702.jpg,https://wx3.sinaimg.cn/large/001P0DUIly3gujmly67zsj60u0140jx002.jpg,https://wx2.sinaimg.cn/large/001P0DUIly3gujmly2o77j60u0140do502.jpg
2021-09-21 11:45:12,448 - INFO - 微博位置：
2021-09-21 11:45:12,448 - INFO - 发布时间：2021-09-17
2021-09-21 11:45:12,448 - INFO - 发布工具：绿洲APP
2021-09-21 11:45:12,448 - INFO - 点赞数：2735460
2021-09-21 11:45:12,449 - INFO - 评论数：1000000
2021-09-21 11:45:12,449 - INFO - 转发数：1000000
2021-09-21 11:45:12,449 - INFO - 话题：
2021-09-21 11:45:12,449 - INFO - @用户：
2021-09-21 11:45:12,449 - INFO - url：https://m.weibo.cn/detail/4682428611822947
2021-09-21 11:45:12,449 - INFO - ------------------------------------------------------------------------------------------------------------------------
2021-09-21 11:45:12,450 - INFO - 微博id：4681634190723995
2021-09-21 11:45:12,450 - INFO - 微博正文：想不同，也敢于去活出不同，用色彩渲染自我态度，用实力诠释多面焦点，无惧他人目光，勇于突破想象，实力敢于不同！每一个你都是独家限定，9月23日与@colorkey珂拉琪 一起拥抱未知惊喜，发出自己的声浪！ #不是谁都敢不同#colorkey珂拉琪的微博视频 
2021-09-21 11:45:12,450 - INFO - 原始图片url：
2021-09-21 11:45:12,450 - INFO - 微博位置：
2021-09-21 11:45:12,450 - INFO - 发布时间：2021-09-15
2021-09-21 11:45:12,450 - INFO - 发布工具：微博视频号
2021-09-21 11:45:12,450 - INFO - 点赞数：2533817
2021-09-21 11:45:12,450 - INFO - 评论数：1000000
2021-09-21 11:45:12,450 - INFO - 转发数：1000000
2021-09-21 11:45:12,450 - INFO - 话题：不是谁都敢不同
2021-09-21 11:45:12,451 - INFO - @用户：colorkey珂拉琪
2021-09-21 11:45:12,451 - INFO - url：https://m.weibo.cn/detail/4681634190723995
2021-09-21 11:45:12,451 - INFO - ------------------------------------------------------------------------------------------------------------------------
2021-09-21 11:45:12,451 - INFO - 微博id：4680921581619904
2021-09-21 11:45:12,451 - INFO - 微博正文：喝下手中这杯“蓝天”☁️💙 绿洲 
2021-09-21 11:45:12,451 - INFO - 原始图片url：https://wx4.sinaimg.cn/large/001P0DUIly3guetiytybfj616o1kw4mv02.jpg,https://wx1.sinaimg.cn/large/001P0DUIly3guetizgy8zj616o1kw4qp02.jpg,https://wx1.sinaimg.cn/large/001P0DUIly3guetj1goobj616o1kw1kx02.jpg,https://wx2.sinaimg.cn/large/001P0DUIly3guetj1axkgj616o1kw1kx02.jpg,https://wx1.sinaimg.cn/large/001P0DUIly3guetj0f2grj616o1kwtz102.jpg,https://wx4.sinaimg.cn/large/001P0DUIly3guetj19i33j616o1kwkcx02.jpg,https://wx2.sinaimg.cn/large/001P0DUIly3guetj1roacj616o1kwasp02.jpg,https://wx1.sinaimg.cn/large/001P0DUIly3guetj2ikilj616o1kwqr302.jpg,https://wx4.sinaimg.cn/large/001P0DUIly3guetj2gs9xj616o1kwx0e02.jpg
2021-09-21 11:45:12,452 - INFO - 微博位置：
2021-09-21 11:45:12,452 - INFO - 发布时间：2021-09-13
2021-09-21 11:45:12,452 - INFO - 发布工具：绿洲APP
2021-09-21 11:45:12,452 - INFO - 点赞数：3730186
2021-09-21 11:45:12,452 - INFO - 评论数：1000000
2021-09-21 11:45:12,452 - INFO - 转发数：1000000
2021-09-21 11:45:12,452 - INFO - 话题：
2021-09-21 11:45:12,452 - INFO - @用户：
2021-09-21 11:45:12,452 - INFO - url：https://m.weibo.cn/detail/4680921581619904
2021-09-21 11:45:12,452 - INFO - ------------------------------------------------------------------------------------------------------------------------
2021-09-21 11:45:12,453 - INFO - 微博id：4680392583417231
2021-09-21 11:45:12,453 - INFO - 微博正文：又是一年美女生日祝大美女@杨幂 生日快乐啦么么么么啾啾啾啾～ 
2021-09-21 11:45:12,453 - INFO - 原始图片url：https://wx1.sinaimg.cn/large/001P0DUIly1gud4q3kp6kj61jk2bbnkz02.jpg,https://wx2.sinaimg.cn/large/001P0DUIly1gud4q2wvw6j647s5j8x6t02.jpg
2021-09-21 11:45:12,453 - INFO - 微博位置：
2021-09-21 11:45:12,453 - INFO - 发布时间：2021-09-12
2021-09-21 11:45:12,453 - INFO - 发布工具：
2021-09-21 11:45:12,453 - INFO - 点赞数：1198324
2021-09-21 11:45:12,453 - INFO - 评论数：39661
2021-09-21 11:45:12,453 - INFO - 转发数：12658
2021-09-21 11:45:12,454 - INFO - 话题：
2021-09-21 11:45:12,454 - INFO - @用户：杨幂
2021-09-21 11:45:12,454 - INFO - url：https://m.weibo.cn/detail/4680392583417231
2021-09-21 11:45:12,454 - INFO - ------------------------------------------------------------------------------------------------------------------------
2021-09-21 11:45:12,455 - INFO - 微博id：4679850792586570
2021-09-21 11:45:12,455 - INFO - 微博正文：#路易200#路易·威登先生出生200周年，卓越旅程中的创新从未止步。跟随我一同进入@路易威登 的视觉之旅。 Dear-迪丽热巴的微博视频 
2021-09-21 11:45:12,455 - INFO - 原始图片url：
2021-09-21 11:45:12,455 - INFO - 微博位置：
2021-09-21 11:45:12,455 - INFO - 发布时间：2021-09-10
2021-09-21 11:45:12,455 - INFO - 发布工具：微博视频号
2021-09-21 11:45:12,455 - INFO - 点赞数：2038888
2021-09-21 11:45:12,455 - INFO - 评论数：1000000
2021-09-21 11:45:12,455 - INFO - 转发数：1000000
2021-09-21 11:45:12,455 - INFO - 话题：路易200
2021-09-21 11:45:12,455 - INFO - @用户：路易威登
2021-09-21 11:45:12,455 - INFO - url：https://m.weibo.cn/detail/4679850792586570
2021-09-21 11:45:12,455 - INFO - ------------------------------------------------------------------------------------------------------------------------
2021-09-21 11:45:12,456 - INFO - 微博id：4679094132017934
2021-09-21 11:45:12,456 - INFO - 微博正文：很高兴成为@猫人Miiow 猫人保暖衣代言人。全新猫人亲肤科技，带来羊绒级触感，让柔软与温暖，和肌肤亲密接触，怕冷就穿「猫人热八度」。#热巴代言猫人保暖衣# Dear-迪丽热巴的微博视频 
2021-09-21 11:45:12,456 - INFO - 原始图片url：
2021-09-21 11:45:12,456 - INFO - 微博位置：
2021-09-21 11:45:12,457 - INFO - 发布时间：2021-09-08
2021-09-21 11:45:12,457 - INFO - 发布工具：微博视频号
2021-09-21 11:45:12,457 - INFO - 点赞数：2101276
2021-09-21 11:45:12,457 - INFO - 评论数：1000000
2021-09-21 11:45:12,457 - INFO - 转发数：1000000
2021-09-21 11:45:12,457 - INFO - 话题：热巴代言猫人保暖衣
2021-09-21 11:45:12,457 - INFO - @用户：猫人Miiow
2021-09-21 11:45:12,457 - INFO - url：https://m.weibo.cn/detail/4679094132017934
2021-09-21 11:45:12,457 - INFO - ------------------------------------------------------------------------------------------------------------------------
2021-09-21 11:45:12,458 - INFO - 正在过滤转发微博
2021-09-21 11:45:12,459 - INFO - 正在过滤转发微博
2021-09-21 11:45:12,460 - INFO - 微博id：4676564891730990
2021-09-21 11:45:12,460 - INFO - 微博正文：抓住夏天的尾巴 绿洲 
2021-09-21 11:45:12,460 - INFO - 原始图片url：https://wx1.sinaimg.cn/large/001P0DUIly3gu0x643rqtj616o1kwqv502.jpg,https://wx3.sinaimg.cn/large/001P0DUIly3gu0x64537aj616n1kwqv502.jpg,https://wx3.sinaimg.cn/large/001P0DUIly3gu0x6444nkj616n1kwqv502.jpg,https://wx1.sinaimg.cn/large/001P0DUIly3gu0x658dozj616o1kw1ky02.jpg
2021-09-21 11:45:12,460 - INFO - 微博位置：
2021-09-21 11:45:12,460 - INFO - 发布时间：2021-09-01
2021-09-21 11:45:12,461 - INFO - 发布工具：绿洲APP
2021-09-21 11:45:12,461 - INFO - 点赞数：3849824
2021-09-21 11:45:12,461 - INFO - 评论数：1000000
2021-09-21 11:45:12,461 - INFO - 转发数：1000000
2021-09-21 11:45:12,461 - INFO - 话题：
2021-09-21 11:45:12,461 - INFO - @用户：
2021-09-21 11:45:12,461 - INFO - url：https://m.weibo.cn/detail/4676564891730990
2021-09-21 11:45:12,461 - INFO - ------------------------------------------------------------------------------------------------------------------------
2021-09-21 11:45:12,461 - INFO - ------------------------------已获取Dear-迪丽热巴(1669879400)的第1页微博------------------------------
2021-09-21 11:45:15,038 - INFO - 正在过滤转发微博
2021-09-21 11:45:15,038 - INFO - 微博id：4674755162281835
2021-09-21 11:45:15,038 - INFO - 微博正文：这身西装夹克很酷，加点棕褐“特调”提升时髦度~点睛灵感来自 @路易威登 Dauphine 手袋 
2021-09-21 11:45:15,039 - INFO - 原始图片url：https://wx4.sinaimg.cn/large/001P0DUIly1gtv57km4l6j644f66j1l402.jpg,https://wx2.sinaimg.cn/large/001P0DUIly1gtv57btlidj644f66ju1302.jpg,https://wx4.sinaimg.cn/large/001P0DUIly1gtv57rggouj647s6bkx6u02.jpg
2021-09-21 11:45:15,039 - INFO - 微博位置：
2021-09-21 11:45:15,039 - INFO - 发布时间：2021-08-27
2021-09-21 11:45:15,039 - INFO - 发布工具：
2021-09-21 11:45:15,039 - INFO - 点赞数：2907555
2021-09-21 11:45:15,039 - INFO - 评论数：1000000
2021-09-21 11:45:15,039 - INFO - 转发数：1000000
2021-09-21 11:45:15,039 - INFO - 话题：
2021-09-21 11:45:15,039 - INFO - @用户：路易威登
2021-09-21 11:45:15,039 - INFO - url：https://m.weibo.cn/detail/4674755162281835
2021-09-21 11:45:15,039 - INFO - ------------------------------------------------------------------------------------------------------------------------
2021-09-21 11:45:15,908 - INFO - 正在过滤转发微博
2021-09-21 11:45:15,909 - INFO - 微博id：4674010535690802
2021-09-21 11:45:15,909 - INFO - 微博正文：很荣幸成为@沛纳海Panerai 全球品牌代言人，与沛纳海一起无畏挑战，保持初心，#砥砺前行#。#沛纳海全球品牌代言人迪丽热巴#沛纳海PANERAI的微博视频 
2021-09-21 11:45:15,909 - INFO - 原始图片url：
2021-09-21 11:45:15,909 - INFO - 微博位置：
2021-09-21 11:45:15,909 - INFO - 发布时间：2021-08-25
2021-09-21 11:45:15,909 - INFO - 发布工具：微博视频号
2021-09-21 11:45:15,909 - INFO - 点赞数：2686561
2021-09-21 11:45:15,909 - INFO - 评论数：1000000
2021-09-21 11:45:15,909 - INFO - 转发数：1000000
2021-09-21 11:45:15,909 - INFO - 话题：砥砺前行,沛纳海全球品牌代言人迪丽热巴
2021-09-21 11:45:15,910 - INFO - @用户：沛纳海Panerai
2021-09-21 11:45:15,910 - INFO - url：https://m.weibo.cn/detail/4674010535690802
2021-09-21 11:45:15,910 - INFO - ------------------------------------------------------------------------------------------------------------------------
2021-09-21 11:45:18,187 - INFO - 微博id：4673469763816437
2021-09-21 11:45:18,187 - INFO - 微博正文：今晚荣耀大结局了，非常开心能和大家一起度过这个追剧的夏天，晶晶也在平行世界中拥有了美好的结局。从中学的青涩暗恋，到携手步入婚姻殿堂，晶晶和于途完成了一场属于彼此的双向奔赴，美好且热烈的旅程。我们一起陪伴乔晶晶共情着她的美好追寻，一起喜欢着她的可爱调皮、一起欣赏着她的勇敢直率。在最后一集，晶晶作为航天人家属，观看了“搜神号”的发射，跟我们一起见证了航天人实现梦想和祖国航天事业蓬勃发展的盛况。这也让我们看到了祖国航天事业背后有着一群非常可爱、可敬的人。除了乔晶晶，之前我也演过高雯和郝美丽，她们职业虽相同，都是女明星，但个性全然不同。她们都不约而同地见证着我的成长，在我的不同时期、不同阶段都留有印记，同时也赋予了我源源不断的能量。在触碰和感知每一个角色的同时，我或多或少也都从角色中汲取了些什么，热爱、清醒、努力……这些词也都在潜移默化地影响着我，使我成为更好的自己。最后，希望大家都能像乔晶晶一样，在自己的世界中闪闪发光～再见，乔晶晶✨
2021-09-21 11:45:18,187 - INFO - 原始图片url：https://wx2.sinaimg.cn/large/001P0DUIly1gtr1osm6ihj612m1i2h5k02.jpg,https://wx4.sinaimg.cn/large/001P0DUIly1gtr1ot1eoaj61hc1hsts102.jpg,https://wx2.sinaimg.cn/large/001P0DUIly1gtr1oteac0j60rs0iijxn02.jpg
2021-09-21 11:45:18,187 - INFO - 微博位置：
2021-09-21 11:45:18,187 - INFO - 发布时间：2021-08-23
2021-09-21 11:45:18,187 - INFO - 发布工具：
2021-09-21 11:45:18,187 - INFO - 点赞数：3986398
2021-09-21 11:45:18,187 - INFO - 评论数：1000000
2021-09-21 11:45:18,188 - INFO - 转发数：1000000
2021-09-21 11:45:18,188 - INFO - 话题：
2021-09-21 11:45:18,188 - INFO - @用户：
2021-09-21 11:45:18,188 - INFO - url：https://m.weibo.cn/detail/4673469763816437
2021-09-21 11:45:18,188 - INFO - ------------------------------------------------------------------------------------------------------------------------
2021-09-21 11:45:18,188 - INFO - 微博id：4671524113747527
2021-09-21 11:45:18,188 - INFO - 微博正文：plog说到做到 
2021-09-21 11:45:18,189 - INFO - 原始图片url：https://wx2.sinaimg.cn/large/001P0DUIly1gtku8n9q3uj60e03404kt02.jpg,https://wx1.sinaimg.cn/large/001P0DUIly1gtl881xksvj60n03wckjl02.jpg,https://wx2.sinaimg.cn/large/001P0DUIly1gtku8pi1c2j60n02phe8102.jpg
2021-09-21 11:45:18,189 - INFO - 微博位置：
2021-09-21 11:45:18,189 - INFO - 发布时间：2021-08-18
2021-09-21 11:45:18,189 - INFO - 发布工具：
2021-09-21 11:45:18,189 - INFO - 点赞数：3950870
2021-09-21 11:45:18,189 - INFO - 评论数：1000000
2021-09-21 11:45:18,189 - INFO - 转发数：1000000
2021-09-21 11:45:18,189 - INFO - 话题：
2021-09-21 11:45:18,189 - INFO - @用户：
2021-09-21 11:45:18,189 - INFO - url：https://m.weibo.cn/detail/4671524113747527
2021-09-21 11:45:18,189 - INFO - ------------------------------------------------------------------------------------------------------------------------
2021-09-21 11:45:18,190 - INFO - 微博id：4670928451016705
2021-09-21 11:45:18,190 - INFO - 微博正文：#电视剧你是我的荣耀# 祝晶晶@乔晶晶 新婚快乐，永远幸福 Dear-迪丽热巴的微博视频 
2021-09-21 11:45:18,190 - INFO - 原始图片url：
2021-09-21 11:45:18,191 - INFO - 微博位置：
2021-09-21 11:45:18,191 - INFO - 发布时间：2021-08-16
2021-09-21 11:45:18,191 - INFO - 发布工具：微博视频号
2021-09-21 11:45:18,191 - INFO - 点赞数：3500247
2021-09-21 11:45:18,191 - INFO - 评论数：1000000
2021-09-21 11:45:18,191 - INFO - 转发数：1000000
2021-09-21 11:45:18,191 - INFO - 话题：电视剧你是我的荣耀
2021-09-21 11:45:18,191 - INFO - @用户：乔晶晶
2021-09-21 11:45:18,191 - INFO - url：https://m.weibo.cn/detail/4670928451016705
2021-09-21 11:45:18,191 - INFO - ------------------------------------------------------------------------------------------------------------------------
2021-09-21 11:45:18,192 - INFO - 正在过滤转发微博
2021-09-21 11:45:18,193 - INFO - 微博id：4669818555336068
2021-09-21 11:45:18,193 - INFO - 微博正文：#见面吧星朋友# #心动来电#大美女来啦！！ Dear-迪丽热巴的微博视频 
2021-09-21 11:45:18,193 - INFO - 原始图片url：
2021-09-21 11:45:18,193 - INFO - 微博位置：
2021-09-21 11:45:18,193 - INFO - 发布时间：2021-08-13
2021-09-21 11:45:18,193 - INFO - 发布工具：微博直播平台
2021-09-21 11:45:18,193 - INFO - 点赞数：3773740
2021-09-21 11:45:18,194 - INFO - 评论数：1000000
2021-09-21 11:45:18,194 - INFO - 转发数：1000000
2021-09-21 11:45:18,194 - INFO - 话题：见面吧星朋友,心动来电
2021-09-21 11:45:18,194 - INFO - @用户：
2021-09-21 11:45:18,194 - INFO - url：https://m.weibo.cn/detail/4669818555336068
2021-09-21 11:45:18,194 - INFO - ------------------------------------------------------------------------------------------------------------------------
2021-09-21 11:45:18,195 - INFO - 微博id：4669294607077399
2021-09-21 11:45:18,195 - INFO - 微博正文：不负炙热，肆意发光随时代迭代，就是我们青年一代很高兴成为特步品牌代言人@特步体育一起创造X新青年的无限可能#迪丽热巴代言特步# 
2021-09-21 11:45:18,195 - INFO - 原始图片url：https://wx4.sinaimg.cn/large/001P0DUIly1gtdq6ul7uvj62w6557npi02.jpg,https://wx3.sinaimg.cn/large/001P0DUIly1gtdq6qy8i8j62w65577wn02.jpg
2021-09-21 11:45:18,195 - INFO - 微博位置：
2021-09-21 11:45:18,195 - INFO - 发布时间：2021-08-12
2021-09-21 11:45:18,195 - INFO - 发布工具：
2021-09-21 11:45:18,195 - INFO - 点赞数：2288230
2021-09-21 11:45:18,195 - INFO - 评论数：1000000
2021-09-21 11:45:18,195 - INFO - 转发数：1000000
2021-09-21 11:45:18,196 - INFO - 话题：迪丽热巴代言特步
2021-09-21 11:45:18,196 - INFO - @用户：特步体育
2021-09-21 11:45:18,196 - INFO - url：https://m.weibo.cn/detail/4669294607077399
2021-09-21 11:45:18,196 - INFO - ------------------------------------------------------------------------------------------------------------------------
2021-09-21 11:45:18,196 - INFO - ------------------------------已获取Dear-迪丽热巴(1669879400)的第2页微博------------------------------
2021-09-21 11:45:19,097 - INFO - 微博id：4669099152514238
2021-09-21 11:45:19,097 - INFO - 微博正文：乔晶晶真是撒娇“晶”本“晶”@乔晶晶 
2021-09-21 11:45:19,097 - INFO - 原始图片url：https://wx4.sinaimg.cn/large/001P0DUIly1gtd3qf0myfj60zk28ex1y02.jpg,https://wx3.sinaimg.cn/large/001P0DUIly1gtd3qedr7sj60u01cqgyi02.jpg,https://wx2.sinaimg.cn/large/001P0DUIly1gtd3qfhcodj60u01z4nhl02.jpg,https://wx1.sinaimg.cn/large/001P0DUIly1gtd3qg3zicj60u029ctwq02.jpg
2021-09-21 11:45:19,098 - INFO - 微博位置：
2021-09-21 11:45:19,098 - INFO - 发布时间：2021-08-11
2021-09-21 11:45:19,098 - INFO - 发布工具：
2021-09-21 11:45:19,098 - INFO - 点赞数：2217318
2021-09-21 11:45:19,098 - INFO - 评论数：1000000
2021-09-21 11:45:19,098 - INFO - 转发数：1000000
2021-09-21 11:45:19,098 - INFO - 话题：
2021-09-21 11:45:19,098 - INFO - @用户：乔晶晶
2021-09-21 11:45:19,098 - INFO - url：https://m.weibo.cn/detail/4669099152514238
2021-09-21 11:45:19,098 - INFO - ------------------------------------------------------------------------------------------------------------------------
2021-09-21 11:45:19,099 - INFO - 微博id：4669090704659534
2021-09-21 11:45:19,099 - INFO - 微博正文：于老师，一起比个耶吧！@杨洋 
2021-09-21 11:45:19,099 - INFO - 原始图片url：https://wx3.sinaimg.cn/large/001P0DUIly1gtd2qrdd0ej608o08o0t202.jpg
2021-09-21 11:45:19,099 - INFO - 微博位置：
2021-09-21 11:45:19,099 - INFO - 发布时间：2021-08-11
2021-09-21 11:45:19,099 - INFO - 发布工具：
2021-09-21 11:45:19,099 - INFO - 点赞数：1484940
2021-09-21 11:45:19,099 - INFO - 评论数：55793
2021-09-21 11:45:19,099 - INFO - 转发数：142785
2021-09-21 11:45:19,099 - INFO - 话题：
2021-09-21 11:45:19,099 - INFO - @用户：杨洋
2021-09-21 11:45:19,099 - INFO - url：https://m.weibo.cn/detail/4669090704659534
2021-09-21 11:45:19,100 - INFO - ------------------------------------------------------------------------------------------------------------------------
2021-09-21 11:45:19,101 - INFO - 微博id：4668742729204771
2021-09-21 11:45:19,101 - INFO - 微博正文：#idoltube# 想rua@乔晶晶 的脸～～～ Dear-迪丽热巴的微博视频 
2021-09-21 11:45:19,101 - INFO - 原始图片url：
2021-09-21 11:45:19,101 - INFO - 微博位置：
2021-09-21 11:45:19,101 - INFO - 发布时间：2021-08-10
2021-09-21 11:45:19,101 - INFO - 发布工具：微博视频号
2021-09-21 11:45:19,101 - INFO - 点赞数：2682430
2021-09-21 11:45:19,101 - INFO - 评论数：1000000
2021-09-21 11:45:19,101 - INFO - 转发数：1000000
2021-09-21 11:45:19,101 - INFO - 话题：idoltube
2021-09-21 11:45:19,101 - INFO - @用户：乔晶晶
2021-09-21 11:45:19,101 - INFO - url：https://m.weibo.cn/detail/4668742729204771
2021-09-21 11:45:19,101 - INFO - ------------------------------------------------------------------------------------------------------------------------
2021-09-21 11:45:19,103 - INFO - 微博id：4668373671614231
2021-09-21 11:45:19,103 - INFO - 微博正文：#idoltube##乔晶晶有点愿意但又不开心#你和你～最后的倔强～@乔晶晶 Dear-迪丽热巴的微博视频 
2021-09-21 11:45:19,103 - INFO - 原始图片url：
2021-09-21 11:45:19,103 - INFO - 微博位置：
2021-09-21 11:45:19,103 - INFO - 发布时间：2021-08-09
2021-09-21 11:45:19,103 - INFO - 发布工具：微博视频号
2021-09-21 11:45:19,103 - INFO - 点赞数：2443258
2021-09-21 11:45:19,103 - INFO - 评论数：1000000
2021-09-21 11:45:19,103 - INFO - 转发数：1000000
2021-09-21 11:45:19,103 - INFO - 话题：idoltube,乔晶晶有点愿意但又不开心
2021-09-21 11:45:19,103 - INFO - @用户：乔晶晶
2021-09-21 11:45:19,103 - INFO - url：https://m.weibo.cn/detail/4668373671614231
2021-09-21 11:45:19,103 - INFO - ------------------------------------------------------------------------------------------------------------------------
2021-09-21 11:45:19,105 - INFO - 正在过滤转发微博
2021-09-21 11:45:19,106 - INFO - 微博id：4668222462497643
2021-09-21 11:45:19,106 - INFO - 微博正文：一扇任意门，一串爱心气球，一瞬巴黎时光～ 这个夏天和我一起拍摄#1664法式大片#，留下美好瞬间，每个POSE都自带优雅。点击大图GET我的同款拍照边框，打开果香馥郁的桃红啤酒，私藏@凯旋1664 带来的法式浪漫时光吧！ 
2021-09-21 11:45:19,106 - INFO - 原始图片url：https://wx3.sinaimg.cn/large/001P0DUIly1gtab1wr66ij60tz13yndc02.jpg
2021-09-21 11:45:19,106 - INFO - 微博位置：
2021-09-21 11:45:19,106 - INFO - 发布时间：2021-08-09
2021-09-21 11:45:19,107 - INFO - 发布工具：
2021-09-21 11:45:19,107 - INFO - 点赞数：2072491
2021-09-21 11:45:19,107 - INFO - 评论数：1000000
2021-09-21 11:45:19,107 - INFO - 转发数：1000000
2021-09-21 11:45:19,107 - INFO - 话题：1664法式大片
2021-09-21 11:45:19,107 - INFO - @用户：凯旋1664
2021-09-21 11:45:19,107 - INFO - url：https://m.weibo.cn/detail/4668222462497643
2021-09-21 11:45:19,107 - INFO - ------------------------------------------------------------------------------------------------------------------------
2021-09-21 11:45:19,108 - INFO - 微博id：4667918095222951
2021-09-21 11:45:19,108 - INFO - 微博正文：漂亮温柔的姐姐生日快乐@佟丽娅 
2021-09-21 11:45:19,108 - INFO - 原始图片url：
2021-09-21 11:45:19,108 - INFO - 微博位置：
2021-09-21 11:45:19,108 - INFO - 发布时间：2021-08-08
2021-09-21 11:45:19,108 - INFO - 发布工具：
2021-09-21 11:45:19,108 - INFO - 点赞数：765860
2021-09-21 11:45:19,108 - INFO - 评论数：31200
2021-09-21 11:45:19,108 - INFO - 转发数：7118
2021-09-21 11:45:19,108 - INFO - 话题：
2021-09-21 11:45:19,108 - INFO - @用户：佟丽娅
2021-09-21 11:45:19,109 - INFO - url：https://m.weibo.cn/detail/4667918095222951
2021-09-21 11:45:19,109 - INFO - ------------------------------------------------------------------------------------------------------------------------
2021-09-21 11:45:19,109 - INFO - 微博id：4667650007367699
2021-09-21 11:45:19,109 - INFO - 微博正文：立秋～带乔晶晶一起参加#快乐大本营# 今晚见～ 
2021-09-21 11:45:19,109 - INFO - 原始图片url：https://wx4.sinaimg.cn/large/001P0DUIly1gt8hahryatj62203g6kjn02.jpg,https://wx3.sinaimg.cn/large/001P0DUIly1gt8ha39n2tj63df56ohdx02.jpg,https://wx1.sinaimg.cn/large/001P0DUIly1gt8hax6aadj63gg56o7wm02.jpg,https://wx3.sinaimg.cn/large/001P0DUIly1gt8hb6481dj62lc3w0b2c02.jpg
2021-09-21 11:45:19,110 - INFO - 微博位置：
2021-09-21 11:45:19,110 - INFO - 发布时间：2021-08-07
2021-09-21 11:45:19,110 - INFO - 发布工具：
2021-09-21 11:45:19,110 - INFO - 点赞数：1434339
2021-09-21 11:45:19,110 - INFO - 评论数：1000000
2021-09-21 11:45:19,110 - INFO - 转发数：1000000
2021-09-21 11:45:19,110 - INFO - 话题：快乐大本营
2021-09-21 11:45:19,110 - INFO - @用户：
2021-09-21 11:45:19,110 - INFO - url：https://m.weibo.cn/detail/4667650007367699
2021-09-21 11:45:19,110 - INFO - ------------------------------------------------------------------------------------------------------------------------
2021-09-21 11:45:19,111 - INFO - 微博id：4667526191514195
2021-09-21 11:45:19,111 - INFO - 微博正文：周末愉快～～～～ 绿洲 
2021-09-21 11:45:19,111 - INFO - 原始图片url：https://wx3.sinaimg.cn/large/001P0DUIly3gt8337lizyj616o1kwnpd02.jpg,https://wx4.sinaimg.cn/large/001P0DUIly3gt8337jo9oj616n1kwe8102.jpg,https://wx4.sinaimg.cn/large/001P0DUIly3gt8337httgj616o1kwhdt02.jpg,https://wx4.sinaimg.cn/large/001P0DUIly3gt83387l7uj616o1kwe8102.jpg,https://wx3.sinaimg.cn/large/001P0DUIly3gt8338e7mtj616o1kwe8102.jpg,https://wx4.sinaimg.cn/large/001P0DUIly3gt833913yxj616o1kwe8102.jpg,https://wx1.sinaimg.cn/large/001P0DUIly3gt83392585j616o1kwhdt02.jpg
2021-09-21 11:45:19,111 - INFO - 微博位置：
2021-09-21 11:45:19,111 - INFO - 发布时间：2021-08-07
2021-09-21 11:45:19,111 - INFO - 发布工具：绿洲APP
2021-09-21 11:45:19,111 - INFO - 点赞数：3435740
2021-09-21 11:45:19,112 - INFO - 评论数：1000000
2021-09-21 11:45:19,112 - INFO - 转发数：1000000
2021-09-21 11:45:19,112 - INFO - 话题：
2021-09-21 11:45:19,112 - INFO - @用户：
2021-09-21 11:45:19,112 - INFO - url：https://m.weibo.cn/detail/4667526191514195
2021-09-21 11:45:19,112 - INFO - ------------------------------------------------------------------------------------------------------------------------
2021-09-21 11:45:19,113 - INFO - 微博id：4667137451103428
2021-09-21 11:45:19,113 - INFO - 微博正文：家是避风的港湾，家人是心灵的慰藉，与家人一块的时光尽是惬意和温暖。哪怕世界再大，一块就很美。 我与@冠珠瓷砖官方微博，邀你一块体验美好人居新生活。#冠珠瓷砖品牌代言人迪丽热巴# Dear-迪丽热巴的微博视频 
2021-09-21 11:45:19,113 - INFO - 原始图片url：
2021-09-21 11:45:19,113 - INFO - 微博位置：
2021-09-21 11:45:19,113 - INFO - 发布时间：2021-08-06
2021-09-21 11:45:19,113 - INFO - 发布工具：微博视频号
2021-09-21 11:45:19,113 - INFO - 点赞数：1679137
2021-09-21 11:45:19,113 - INFO - 评论数：1000000
2021-09-21 11:45:19,113 - INFO - 转发数：1000000
2021-09-21 11:45:19,114 - INFO - 话题：冠珠瓷砖品牌代言人迪丽热巴
2021-09-21 11:45:19,114 - INFO - @用户：冠珠瓷砖官方微博
2021-09-21 11:45:19,114 - INFO - url：https://m.weibo.cn/detail/4667137451103428
2021-09-21 11:45:19,114 - INFO - ------------------------------------------------------------------------------------------------------------------------
2021-09-21 11:45:19,114 - INFO - ------------------------------已获取Dear-迪丽热巴(1669879400)的第3页微博------------------------------
2021-09-21 11:45:20,002 - INFO - 微博id：4666564323836139
2021-09-21 11:45:20,002 - INFO - 微博正文：biu biu biu ✨🐰 Dear-迪丽热巴的微博视频 
2021-09-21 11:45:20,002 - INFO - 原始图片url：
2021-09-21 11:45:20,002 - INFO - 微博位置：
2021-09-21 11:45:20,002 - INFO - 发布时间：2021-08-04
2021-09-21 11:45:20,002 - INFO - 发布工具：微博视频号
2021-09-21 11:45:20,002 - INFO - 点赞数：2413352
2021-09-21 11:45:20,002 - INFO - 评论数：1000000
2021-09-21 11:45:20,002 - INFO - 转发数：1000000
2021-09-21 11:45:20,002 - INFO - 话题：
2021-09-21 11:45:20,002 - INFO - @用户：
2021-09-21 11:45:20,003 - INFO - url：https://m.weibo.cn/detail/4666564323836139
2021-09-21 11:45:20,003 - INFO - ------------------------------------------------------------------------------------------------------------------------
2021-09-21 11:45:20,003 - INFO - 微博id：4666441046165331
2021-09-21 11:45:20,003 - INFO - 微博正文：每次拍摄，都要保持状态在线，眼周也不例外。分享我的“养眼”神器——全新娇韵诗双萃精华眼霜，眼精华眼霜2in1，更深入守护眼周年轻，每天早晚坚持使用，再也不担心眼纹黑眼圈，还等什么？快来拥有，Get#2in1眼技控全场# Dear-迪丽热巴的微博视频 
2021-09-21 11:45:20,004 - INFO - 原始图片url：
2021-09-21 11:45:20,004 - INFO - 微博位置：
2021-09-21 11:45:20,004 - INFO - 发布时间：2021-08-04
2021-09-21 11:45:20,004 - INFO - 发布工具：微博视频号
2021-09-21 11:45:20,004 - INFO - 点赞数：1726354
2021-09-21 11:45:20,004 - INFO - 评论数：1000000
2021-09-21 11:45:20,004 - INFO - 转发数：1000000
2021-09-21 11:45:20,004 - INFO - 话题：2in1眼技控全场
2021-09-21 11:45:20,004 - INFO - @用户：
2021-09-21 11:45:20,004 - INFO - url：https://m.weibo.cn/detail/4666441046165331
2021-09-21 11:45:20,004 - INFO - ------------------------------------------------------------------------------------------------------------------------
2021-09-21 11:45:20,005 - INFO - 微博id：4666206236185112
2021-09-21 11:45:20,005 - INFO - 微博正文：#电视剧你是我的荣耀# 宝，你还有我@乔晶晶 #暑期嘉年华# Dear-迪丽热巴的微博视频 
2021-09-21 11:45:20,005 - INFO - 原始图片url：
2021-09-21 11:45:20,006 - INFO - 微博位置：
2021-09-21 11:45:20,006 - INFO - 发布时间：2021-08-03
2021-09-21 11:45:20,006 - INFO - 发布工具：微博视频号
2021-09-21 11:45:20,006 - INFO - 点赞数：1749286
2021-09-21 11:45:20,006 - INFO - 评论数：1000000
2021-09-21 11:45:20,006 - INFO - 转发数：1000000
2021-09-21 11:45:20,006 - INFO - 话题：电视剧你是我的荣耀,暑期嘉年华
2021-09-21 11:45:20,006 - INFO - @用户：乔晶晶
2021-09-21 11:45:20,006 - INFO - url：https://m.weibo.cn/detail/4666206236185112
2021-09-21 11:45:20,006 - INFO - ------------------------------------------------------------------------------------------------------------------------
2021-09-21 11:45:20,007 - INFO - 微博id：4665840580952689
2021-09-21 11:45:20,007 - INFO - 微博正文：乔晶晶 🎮 #电视剧你是我的荣耀# 晶晶自信人人爱，嘴和脑子一样快 #暑期嘉年华# 
2021-09-21 11:45:20,007 - INFO - 原始图片url：https://wx2.sinaimg.cn/large/001P0DUIly1gt2ph8gx2zj60u01buqkd02.jpg,https://wx3.sinaimg.cn/large/001P0DUIly1gt2ph7g4eej60u012odp302.jpg,https://wx3.sinaimg.cn/large/001P0DUIly1gt2phbta9fj62yo6y0u0y02.jpg
2021-09-21 11:45:20,007 - INFO - 微博位置：
2021-09-21 11:45:20,007 - INFO - 发布时间：2021-08-02
2021-09-21 11:45:20,007 - INFO - 发布工具：乔晶晶超话
2021-09-21 11:45:20,008 - INFO - 点赞数：2130958
2021-09-21 11:45:20,008 - INFO - 评论数：1000000
2021-09-21 11:45:20,008 - INFO - 转发数：1000000
2021-09-21 11:45:20,008 - INFO - 话题：电视剧你是我的荣耀,暑期嘉年华
2021-09-21 11:45:20,008 - INFO - @用户：
2021-09-21 11:45:20,008 - INFO - url：https://m.weibo.cn/detail/4665840580952689
2021-09-21 11:45:20,008 - INFO - ------------------------------------------------------------------------------------------------------------------------
2021-09-21 11:45:20,009 - INFO - 微博id：4665725316497472
2021-09-21 11:45:20,009 - INFO - 微博正文：听说这样拍照质量很高🕺🏻🕺🏻 绿洲 
2021-09-21 11:45:20,009 - INFO - 原始图片url：https://wx2.sinaimg.cn/large/001P0DUIly3gt2c9f8715j616n1kwb0a02.jpg,https://wx2.sinaimg.cn/large/001P0DUIly3gt2c9fepr4j616o1kwhc502.jpg,https://wx4.sinaimg.cn/large/001P0DUIly3gt2c9fcktej616o1kwx5i02.jpg,https://wx1.sinaimg.cn/large/001P0DUIly3gt2c9g55pgj616o1kwb2902.jpg
2021-09-21 11:45:20,009 - INFO - 微博位置：
2021-09-21 11:45:20,009 - INFO - 发布时间：2021-08-02
2021-09-21 11:45:20,009 - INFO - 发布工具：绿洲APP
2021-09-21 11:45:20,009 - INFO - 点赞数：2242426
2021-09-21 11:45:20,009 - INFO - 评论数：1000000
2021-09-21 11:45:20,009 - INFO - 转发数：1000000
2021-09-21 11:45:20,009 - INFO - 话题：
2021-09-21 11:45:20,009 - INFO - @用户：
2021-09-21 11:45:20,009 - INFO - url：https://m.weibo.cn/detail/4665725316497472
2021-09-21 11:45:20,010 - INFO - ------------------------------------------------------------------------------------------------------------------------
2021-09-21 11:45:20,011 - INFO - ------------------------------已获取Dear-迪丽热巴(1669879400)的第4页微博------------------------------
2021-09-21 11:45:20,013 - INFO - 28条微博写入csv文件完毕,保存路径:
2021-09-21 11:45:20,013 - INFO - /Users/seedjeff/Desktop/weibo-crawler-master/weibo/Dear-迪丽热巴/1669879400.csv
2021-09-21 11:45:20,013 - INFO - 微博爬取完成，共爬取28条微博
2021-09-21 11:45:20,013 - INFO - 信息抓取完毕
2021-09-21 11:45:20,013 - INFO - ****************************************************************************************************
